
*** Running vivado
    with args -log top.vdi -applog -m64 -product Vivado -messageDb vivado.pb -mode batch -source top.tcl -notrace


****** Vivado v2018.2 (64-bit)
  **** SW Build 2258646 on Thu Jun 14 20:03:12 MDT 2018
  **** IP Build 2256618 on Thu Jun 14 22:10:49 MDT 2018
    ** Copyright 1986-2018 Xilinx, Inc. All Rights Reserved.

INFO: [Common 17-748] XILINX_TCLAPP_REPO is set to 'D:/Xilinx/Vivado/2018.1/data/XilinxTclStore'. Refresh XilinxTclStore catalog is disabled when XILINX_TCLAPP_REPO is set.
source top.tcl -notrace
Command: link_design -top top -part xc7z020clg400-1
Design is defaulting to srcset: sources_1
Design is defaulting to constrset: constrs_1
INFO: [Project 1-454] Reading design checkpoint 'e:/WorkSpace/project/FPGA/SC130_3Channel/SC130_3Channel/SC130_3Channel.srcs/sources_1/ip/axis_dwidth_converter_0/axis_dwidth_converter_0.dcp' for cell 'data_conv_model_i/dconv_i'
INFO: [Project 1-454] Reading design checkpoint 'e:/WorkSpace/project/FPGA/SC130_3Channel/SC130_3Channel/SC130_3Channel.srcs/sources_1/ip/fifo_generator_0/fifo_generator_0.dcp' for cell 'data_conv_model_i/fifo_0_i'
INFO: [Project 1-454] Reading design checkpoint 'e:/WorkSpace/project/FPGA/SC130_3Channel/SC130_3Channel/SC130_3Channel.srcs/sources_1/bd/design_1/ip/design_1_axi_gpio_0_1/design_1_axi_gpio_0_1.dcp' for cell 'design_1_wrapper_i/design_1_i/axi_gpio_0'
INFO: [Project 1-454] Reading design checkpoint 'e:/WorkSpace/project/FPGA/SC130_3Channel/SC130_3Channel/SC130_3Channel.srcs/sources_1/bd/design_1/ip/design_1_axi_vdma_1_0/design_1_axi_vdma_1_0.dcp' for cell 'design_1_wrapper_i/design_1_i/axi_vdma_imgCapture'
INFO: [Project 1-454] Reading design checkpoint 'e:/WorkSpace/project/FPGA/SC130_3Channel/SC130_3Channel/SC130_3Channel.srcs/sources_1/bd/design_1/ip/design_1_axi_vdma_imgCapture_0/design_1_axi_vdma_imgCapture_0.dcp' for cell 'design_1_wrapper_i/design_1_i/axi_vdma_imgCapture_Sobelx'
INFO: [Project 1-454] Reading design checkpoint 'e:/WorkSpace/project/FPGA/SC130_3Channel/SC130_3Channel/SC130_3Channel.srcs/sources_1/bd/design_1/ip/design_1_axi_vdma_imgCapture1_0/design_1_axi_vdma_imgCapture1_0.dcp' for cell 'design_1_wrapper_i/design_1_i/axi_vdma_imgCapture_Sobely'
INFO: [Project 1-454] Reading design checkpoint 'e:/WorkSpace/project/FPGA/SC130_3Channel/SC130_3Channel/SC130_3Channel.srcs/sources_1/bd/design_1/ip/design_1_axi_vdma_0_2/design_1_axi_vdma_0_2.dcp' for cell 'design_1_wrapper_i/design_1_i/axi_vdma_memCopy'
INFO: [Project 1-454] Reading design checkpoint 'e:/WorkSpace/project/FPGA/SC130_3Channel/SC130_3Channel/SC130_3Channel.srcs/sources_1/bd/design_1/ip/design_1_axi_vdma_0_1/design_1_axi_vdma_0_1.dcp' for cell 'design_1_wrapper_i/design_1_i/axi_vdma_videoStream'
INFO: [Project 1-454] Reading design checkpoint 'e:/WorkSpace/project/FPGA/SC130_3Channel/SC130_3Channel/SC130_3Channel.srcs/sources_1/bd/design_1/ip/design_1_clk_wiz_0_0/design_1_clk_wiz_0_0.dcp' for cell 'design_1_wrapper_i/design_1_i/clk_wiz_0'
INFO: [Project 1-454] Reading design checkpoint 'e:/WorkSpace/project/FPGA/SC130_3Channel/SC130_3Channel/SC130_3Channel.srcs/sources_1/bd/design_1/ip/design_1_processing_system7_0_0/design_1_processing_system7_0_0.dcp' for cell 'design_1_wrapper_i/design_1_i/processing_system7_0'
INFO: [Project 1-454] Reading design checkpoint 'e:/WorkSpace/project/FPGA/SC130_3Channel/SC130_3Channel/SC130_3Channel.srcs/sources_1/bd/design_1/ip/design_1_rst_processing_system7_0_100M_0/design_1_rst_processing_system7_0_100M_0.dcp' for cell 'design_1_wrapper_i/design_1_i/rst_processing_system7_0_100M'
INFO: [Project 1-454] Reading design checkpoint 'e:/WorkSpace/project/FPGA/SC130_3Channel/SC130_3Channel/SC130_3Channel.srcs/sources_1/bd/design_1/ip/design_1_xbar_2/design_1_xbar_2.dcp' for cell 'design_1_wrapper_i/design_1_i/axi_interconnect_0/xbar'
INFO: [Project 1-454] Reading design checkpoint 'e:/WorkSpace/project/FPGA/SC130_3Channel/SC130_3Channel/SC130_3Channel.srcs/sources_1/bd/design_1/ip/design_1_auto_pc_0/design_1_auto_pc_0.dcp' for cell 'design_1_wrapper_i/design_1_i/axi_interconnect_0/m00_couplers/auto_pc'
INFO: [Project 1-454] Reading design checkpoint 'e:/WorkSpace/project/FPGA/SC130_3Channel/SC130_3Channel/SC130_3Channel.srcs/sources_1/bd/design_1/ip/design_1_auto_pc_3/design_1_auto_pc_3.dcp' for cell 'design_1_wrapper_i/design_1_i/axi_interconnect_1/s00_couplers/auto_pc'
INFO: [Project 1-454] Reading design checkpoint 'e:/WorkSpace/project/FPGA/SC130_3Channel/SC130_3Channel/SC130_3Channel.srcs/sources_1/bd/design_1/ip/design_1_auto_pc_4/design_1_auto_pc_4.dcp' for cell 'design_1_wrapper_i/design_1_i/axi_interconnect_2/s00_couplers/auto_pc'
INFO: [Project 1-454] Reading design checkpoint 'e:/WorkSpace/project/FPGA/SC130_3Channel/SC130_3Channel/SC130_3Channel.srcs/sources_1/bd/design_1/ip/design_1_xbar_1/design_1_xbar_1.dcp' for cell 'design_1_wrapper_i/design_1_i/axi_mem_intercon/xbar'
INFO: [Project 1-454] Reading design checkpoint 'e:/WorkSpace/project/FPGA/SC130_3Channel/SC130_3Channel/SC130_3Channel.srcs/sources_1/bd/design_1/ip/design_1_auto_pc_1/design_1_auto_pc_1.dcp' for cell 'design_1_wrapper_i/design_1_i/axi_mem_intercon/m00_couplers/auto_pc'
INFO: [Project 1-454] Reading design checkpoint 'e:/WorkSpace/project/FPGA/SC130_3Channel/SC130_3Channel/SC130_3Channel.srcs/sources_1/bd/design_1/ip/design_1_xbar_0/design_1_xbar_0.dcp' for cell 'design_1_wrapper_i/design_1_i/processing_system7_0_axi_periph/xbar'
INFO: [Project 1-454] Reading design checkpoint 'e:/WorkSpace/project/FPGA/SC130_3Channel/SC130_3Channel/SC130_3Channel.srcs/sources_1/bd/design_1/ip/design_1_auto_pc_2/design_1_auto_pc_2.dcp' for cell 'design_1_wrapper_i/design_1_i/processing_system7_0_axi_periph/s00_couplers/auto_pc'
INFO: [Project 1-454] Reading design checkpoint 'e:/WorkSpace/project/FPGA/SC130_3Channel/SC130_3Channel/SC130_3Channel.srcs/sources_1/ip/gray_count_bram/gray_count_bram.dcp' for cell 'isp_model_axis_i/histogram_axis_i/count_bram_i'
INFO: [Project 1-454] Reading design checkpoint 'e:/WorkSpace/project/FPGA/SC130_3Channel/SC130_3Channel/SC130_3Channel.srcs/sources_1/ip/normalize_bram/normalize_bram.dcp' for cell 'isp_model_axis_i/histogram_axis_i/norm_bram_i'
INFO: [Project 1-454] Reading design checkpoint 'e:/WorkSpace/project/FPGA/SC130_3Channel/SC130_3Channel/SC130_3Channel.srcs/sources_1/ip/fifo_maxtrix/fifo_maxtrix.dcp' for cell 'isp_model_axis_i/maxtri3x3_dpc_i/line_buff_1'
INFO: [Netlist 29-17] Analyzing 1463 Unisim elements for replacement
INFO: [Netlist 29-28] Unisim Transformation completed in 0 CPU seconds
INFO: [Project 1-479] Netlist was created with Vivado 2018.2
INFO: [Device 21-403] Loading part xc7z020clg400-1
INFO: [Project 1-570] Preparing netlist for logic optimization
WARNING: [Opt 31-32] Removing redundant IBUF since it is not being driven by a top-level port. design_1_wrapper_i/design_1_i/clk_wiz_0/inst/clkin1_ibufg 
Resolution: The tool has removed redundant IBUF. To resolve this warning, check for redundant IBUF in the input design.
WARNING: [Constraints 18-550] Could not create 'IBUF_LOW_PWR' constraint because net 'design_1_wrapper_i/design_1_i/clk_wiz_0/clk_in1' is not directly connected to top level port. Synthesis is ignored for e:/WorkSpace/project/FPGA/SC130_3Channel/SC130_3Channel/SC130_3Channel.srcs/sources_1/bd/design_1/ip/design_1_clk_wiz_0_0/design_1_clk_wiz_0_0/design_1_clk_wiz_0_0.edf but preserved for implementation. [e:/WorkSpace/project/FPGA/SC130_3Channel/SC130_3Channel/SC130_3Channel.srcs/sources_1/bd/design_1/ip/design_1_clk_wiz_0_0/design_1_clk_wiz_0_0/design_1_clk_wiz_0_0.edf:314]
Parsing XDC File [e:/WorkSpace/project/FPGA/SC130_3Channel/SC130_3Channel/SC130_3Channel.srcs/sources_1/bd/design_1/ip/design_1_processing_system7_0_0/design_1_processing_system7_0_0.xdc] for cell 'design_1_wrapper_i/design_1_i/processing_system7_0/inst'
Finished Parsing XDC File [e:/WorkSpace/project/FPGA/SC130_3Channel/SC130_3Channel/SC130_3Channel.srcs/sources_1/bd/design_1/ip/design_1_processing_system7_0_0/design_1_processing_system7_0_0.xdc] for cell 'design_1_wrapper_i/design_1_i/processing_system7_0/inst'
Parsing XDC File [e:/WorkSpace/project/FPGA/SC130_3Channel/SC130_3Channel/SC130_3Channel.srcs/sources_1/bd/design_1/ip/design_1_rst_processing_system7_0_100M_0/design_1_rst_processing_system7_0_100M_0_board.xdc] for cell 'design_1_wrapper_i/design_1_i/rst_processing_system7_0_100M/U0'
Finished Parsing XDC File [e:/WorkSpace/project/FPGA/SC130_3Channel/SC130_3Channel/SC130_3Channel.srcs/sources_1/bd/design_1/ip/design_1_rst_processing_system7_0_100M_0/design_1_rst_processing_system7_0_100M_0_board.xdc] for cell 'design_1_wrapper_i/design_1_i/rst_processing_system7_0_100M/U0'
Parsing XDC File [e:/WorkSpace/project/FPGA/SC130_3Channel/SC130_3Channel/SC130_3Channel.srcs/sources_1/bd/design_1/ip/design_1_rst_processing_system7_0_100M_0/design_1_rst_processing_system7_0_100M_0.xdc] for cell 'design_1_wrapper_i/design_1_i/rst_processing_system7_0_100M/U0'
Finished Parsing XDC File [e:/WorkSpace/project/FPGA/SC130_3Channel/SC130_3Channel/SC130_3Channel.srcs/sources_1/bd/design_1/ip/design_1_rst_processing_system7_0_100M_0/design_1_rst_processing_system7_0_100M_0.xdc] for cell 'design_1_wrapper_i/design_1_i/rst_processing_system7_0_100M/U0'
Parsing XDC File [e:/WorkSpace/project/FPGA/SC130_3Channel/SC130_3Channel/SC130_3Channel.srcs/sources_1/bd/design_1/ip/design_1_clk_wiz_0_0/design_1_clk_wiz_0_0_board.xdc] for cell 'design_1_wrapper_i/design_1_i/clk_wiz_0/inst'
Finished Parsing XDC File [e:/WorkSpace/project/FPGA/SC130_3Channel/SC130_3Channel/SC130_3Channel.srcs/sources_1/bd/design_1/ip/design_1_clk_wiz_0_0/design_1_clk_wiz_0_0_board.xdc] for cell 'design_1_wrapper_i/design_1_i/clk_wiz_0/inst'
Parsing XDC File [e:/WorkSpace/project/FPGA/SC130_3Channel/SC130_3Channel/SC130_3Channel.srcs/sources_1/bd/design_1/ip/design_1_clk_wiz_0_0/design_1_clk_wiz_0_0.xdc] for cell 'design_1_wrapper_i/design_1_i/clk_wiz_0/inst'
INFO: [Timing 38-35] Done setting XDC timing constraints. [e:/WorkSpace/project/FPGA/SC130_3Channel/SC130_3Channel/SC130_3Channel.srcs/sources_1/bd/design_1/ip/design_1_clk_wiz_0_0/design_1_clk_wiz_0_0.xdc:57]
INFO: [Timing 38-2] Deriving generated clocks [e:/WorkSpace/project/FPGA/SC130_3Channel/SC130_3Channel/SC130_3Channel.srcs/sources_1/bd/design_1/ip/design_1_clk_wiz_0_0/design_1_clk_wiz_0_0.xdc:57]
get_clocks: Time (s): cpu = 00:00:15 ; elapsed = 00:00:16 . Memory (MB): peak = 1486.125 ; gain = 588.348
Finished Parsing XDC File [e:/WorkSpace/project/FPGA/SC130_3Channel/SC130_3Channel/SC130_3Channel.srcs/sources_1/bd/design_1/ip/design_1_clk_wiz_0_0/design_1_clk_wiz_0_0.xdc] for cell 'design_1_wrapper_i/design_1_i/clk_wiz_0/inst'
Parsing XDC File [e:/WorkSpace/project/FPGA/SC130_3Channel/SC130_3Channel/SC130_3Channel.srcs/sources_1/bd/design_1/ip/design_1_axi_vdma_0_1/design_1_axi_vdma_0_1.xdc] for cell 'design_1_wrapper_i/design_1_i/axi_vdma_videoStream/U0'
Finished Parsing XDC File [e:/WorkSpace/project/FPGA/SC130_3Channel/SC130_3Channel/SC130_3Channel.srcs/sources_1/bd/design_1/ip/design_1_axi_vdma_0_1/design_1_axi_vdma_0_1.xdc] for cell 'design_1_wrapper_i/design_1_i/axi_vdma_videoStream/U0'
Parsing XDC File [e:/WorkSpace/project/FPGA/SC130_3Channel/SC130_3Channel/SC130_3Channel.srcs/sources_1/bd/design_1/ip/design_1_axi_vdma_1_0/design_1_axi_vdma_1_0.xdc] for cell 'design_1_wrapper_i/design_1_i/axi_vdma_imgCapture/U0'
Finished Parsing XDC File [e:/WorkSpace/project/FPGA/SC130_3Channel/SC130_3Channel/SC130_3Channel.srcs/sources_1/bd/design_1/ip/design_1_axi_vdma_1_0/design_1_axi_vdma_1_0.xdc] for cell 'design_1_wrapper_i/design_1_i/axi_vdma_imgCapture/U0'
Parsing XDC File [e:/WorkSpace/project/FPGA/SC130_3Channel/SC130_3Channel/SC130_3Channel.srcs/sources_1/bd/design_1/ip/design_1_axi_vdma_0_2/design_1_axi_vdma_0_2.xdc] for cell 'design_1_wrapper_i/design_1_i/axi_vdma_memCopy/U0'
Finished Parsing XDC File [e:/WorkSpace/project/FPGA/SC130_3Channel/SC130_3Channel/SC130_3Channel.srcs/sources_1/bd/design_1/ip/design_1_axi_vdma_0_2/design_1_axi_vdma_0_2.xdc] for cell 'design_1_wrapper_i/design_1_i/axi_vdma_memCopy/U0'
Parsing XDC File [e:/WorkSpace/project/FPGA/SC130_3Channel/SC130_3Channel/SC130_3Channel.srcs/sources_1/bd/design_1/ip/design_1_axi_gpio_0_1/design_1_axi_gpio_0_1_board.xdc] for cell 'design_1_wrapper_i/design_1_i/axi_gpio_0/U0'
Finished Parsing XDC File [e:/WorkSpace/project/FPGA/SC130_3Channel/SC130_3Channel/SC130_3Channel.srcs/sources_1/bd/design_1/ip/design_1_axi_gpio_0_1/design_1_axi_gpio_0_1_board.xdc] for cell 'design_1_wrapper_i/design_1_i/axi_gpio_0/U0'
Parsing XDC File [e:/WorkSpace/project/FPGA/SC130_3Channel/SC130_3Channel/SC130_3Channel.srcs/sources_1/bd/design_1/ip/design_1_axi_gpio_0_1/design_1_axi_gpio_0_1.xdc] for cell 'design_1_wrapper_i/design_1_i/axi_gpio_0/U0'
Finished Parsing XDC File [e:/WorkSpace/project/FPGA/SC130_3Channel/SC130_3Channel/SC130_3Channel.srcs/sources_1/bd/design_1/ip/design_1_axi_gpio_0_1/design_1_axi_gpio_0_1.xdc] for cell 'design_1_wrapper_i/design_1_i/axi_gpio_0/U0'
Parsing XDC File [e:/WorkSpace/project/FPGA/SC130_3Channel/SC130_3Channel/SC130_3Channel.srcs/sources_1/bd/design_1/ip/design_1_axi_vdma_imgCapture_0/design_1_axi_vdma_imgCapture_0.xdc] for cell 'design_1_wrapper_i/design_1_i/axi_vdma_imgCapture_Sobelx/U0'
Finished Parsing XDC File [e:/WorkSpace/project/FPGA/SC130_3Channel/SC130_3Channel/SC130_3Channel.srcs/sources_1/bd/design_1/ip/design_1_axi_vdma_imgCapture_0/design_1_axi_vdma_imgCapture_0.xdc] for cell 'design_1_wrapper_i/design_1_i/axi_vdma_imgCapture_Sobelx/U0'
Parsing XDC File [e:/WorkSpace/project/FPGA/SC130_3Channel/SC130_3Channel/SC130_3Channel.srcs/sources_1/bd/design_1/ip/design_1_axi_vdma_imgCapture1_0/design_1_axi_vdma_imgCapture1_0.xdc] for cell 'design_1_wrapper_i/design_1_i/axi_vdma_imgCapture_Sobely/U0'
Finished Parsing XDC File [e:/WorkSpace/project/FPGA/SC130_3Channel/SC130_3Channel/SC130_3Channel.srcs/sources_1/bd/design_1/ip/design_1_axi_vdma_imgCapture1_0/design_1_axi_vdma_imgCapture1_0.xdc] for cell 'design_1_wrapper_i/design_1_i/axi_vdma_imgCapture_Sobely/U0'
Parsing XDC File [e:/WorkSpace/project/FPGA/SC130_3Channel/SC130_3Channel/SC130_3Channel.srcs/sources_1/ip/fifo_generator_0/fifo_generator_0.xdc] for cell 'data_conv_model_i/fifo_0_i/U0'
Finished Parsing XDC File [e:/WorkSpace/project/FPGA/SC130_3Channel/SC130_3Channel/SC130_3Channel.srcs/sources_1/ip/fifo_generator_0/fifo_generator_0.xdc] for cell 'data_conv_model_i/fifo_0_i/U0'
Parsing XDC File [e:/WorkSpace/project/FPGA/SC130_3Channel/SC130_3Channel/SC130_3Channel.srcs/sources_1/ip/fifo_maxtrix/fifo_maxtrix.xdc] for cell 'isp_model_axis_i/maxtri3x3_dpc_i/line_buff_1/U0'
Finished Parsing XDC File [e:/WorkSpace/project/FPGA/SC130_3Channel/SC130_3Channel/SC130_3Channel.srcs/sources_1/ip/fifo_maxtrix/fifo_maxtrix.xdc] for cell 'isp_model_axis_i/maxtri3x3_dpc_i/line_buff_1/U0'
Parsing XDC File [e:/WorkSpace/project/FPGA/SC130_3Channel/SC130_3Channel/SC130_3Channel.srcs/sources_1/ip/fifo_maxtrix/fifo_maxtrix.xdc] for cell 'isp_model_axis_i/maxtri3x3_dpc_i/line_buff_2/U0'
Finished Parsing XDC File [e:/WorkSpace/project/FPGA/SC130_3Channel/SC130_3Channel/SC130_3Channel.srcs/sources_1/ip/fifo_maxtrix/fifo_maxtrix.xdc] for cell 'isp_model_axis_i/maxtri3x3_dpc_i/line_buff_2/U0'
Parsing XDC File [e:/WorkSpace/project/FPGA/SC130_3Channel/SC130_3Channel/SC130_3Channel.srcs/sources_1/ip/fifo_maxtrix/fifo_maxtrix.xdc] for cell 'isp_model_axis_i/maxtri3x3_gaus_i/line_buff_1/U0'
Finished Parsing XDC File [e:/WorkSpace/project/FPGA/SC130_3Channel/SC130_3Channel/SC130_3Channel.srcs/sources_1/ip/fifo_maxtrix/fifo_maxtrix.xdc] for cell 'isp_model_axis_i/maxtri3x3_gaus_i/line_buff_1/U0'
Parsing XDC File [e:/WorkSpace/project/FPGA/SC130_3Channel/SC130_3Channel/SC130_3Channel.srcs/sources_1/ip/fifo_maxtrix/fifo_maxtrix.xdc] for cell 'isp_model_axis_i/maxtri3x3_gaus_i/line_buff_2/U0'
Finished Parsing XDC File [e:/WorkSpace/project/FPGA/SC130_3Channel/SC130_3Channel/SC130_3Channel.srcs/sources_1/ip/fifo_maxtrix/fifo_maxtrix.xdc] for cell 'isp_model_axis_i/maxtri3x3_gaus_i/line_buff_2/U0'
Parsing XDC File [e:/WorkSpace/project/FPGA/SC130_3Channel/SC130_3Channel/SC130_3Channel.srcs/sources_1/ip/fifo_maxtrix/fifo_maxtrix.xdc] for cell 'opencv_model_i/sobel_axis_i/maxtri7x7_shift_i/line_buff_1/U0'
Finished Parsing XDC File [e:/WorkSpace/project/FPGA/SC130_3Channel/SC130_3Channel/SC130_3Channel.srcs/sources_1/ip/fifo_maxtrix/fifo_maxtrix.xdc] for cell 'opencv_model_i/sobel_axis_i/maxtri7x7_shift_i/line_buff_1/U0'
Parsing XDC File [e:/WorkSpace/project/FPGA/SC130_3Channel/SC130_3Channel/SC130_3Channel.srcs/sources_1/ip/fifo_maxtrix/fifo_maxtrix.xdc] for cell 'opencv_model_i/sobel_axis_i/maxtri7x7_shift_i/line_buff_2/U0'
Finished Parsing XDC File [e:/WorkSpace/project/FPGA/SC130_3Channel/SC130_3Channel/SC130_3Channel.srcs/sources_1/ip/fifo_maxtrix/fifo_maxtrix.xdc] for cell 'opencv_model_i/sobel_axis_i/maxtri7x7_shift_i/line_buff_2/U0'
Parsing XDC File [e:/WorkSpace/project/FPGA/SC130_3Channel/SC130_3Channel/SC130_3Channel.srcs/sources_1/ip/fifo_maxtrix/fifo_maxtrix.xdc] for cell 'opencv_model_i/sobel_axis_i/maxtri7x7_shift_i/line_buff_3/U0'
Finished Parsing XDC File [e:/WorkSpace/project/FPGA/SC130_3Channel/SC130_3Channel/SC130_3Channel.srcs/sources_1/ip/fifo_maxtrix/fifo_maxtrix.xdc] for cell 'opencv_model_i/sobel_axis_i/maxtri7x7_shift_i/line_buff_3/U0'
Parsing XDC File [e:/WorkSpace/project/FPGA/SC130_3Channel/SC130_3Channel/SC130_3Channel.srcs/sources_1/ip/fifo_maxtrix/fifo_maxtrix.xdc] for cell 'opencv_model_i/sobel_axis_i/maxtri7x7_shift_i/line_buff_4/U0'
Finished Parsing XDC File [e:/WorkSpace/project/FPGA/SC130_3Channel/SC130_3Channel/SC130_3Channel.srcs/sources_1/ip/fifo_maxtrix/fifo_maxtrix.xdc] for cell 'opencv_model_i/sobel_axis_i/maxtri7x7_shift_i/line_buff_4/U0'
Parsing XDC File [e:/WorkSpace/project/FPGA/SC130_3Channel/SC130_3Channel/SC130_3Channel.srcs/sources_1/ip/fifo_maxtrix/fifo_maxtrix.xdc] for cell 'opencv_model_i/sobel_axis_i/maxtri7x7_shift_i/line_buff_5/U0'
Finished Parsing XDC File [e:/WorkSpace/project/FPGA/SC130_3Channel/SC130_3Channel/SC130_3Channel.srcs/sources_1/ip/fifo_maxtrix/fifo_maxtrix.xdc] for cell 'opencv_model_i/sobel_axis_i/maxtri7x7_shift_i/line_buff_5/U0'
Parsing XDC File [e:/WorkSpace/project/FPGA/SC130_3Channel/SC130_3Channel/SC130_3Channel.srcs/sources_1/ip/fifo_maxtrix/fifo_maxtrix.xdc] for cell 'opencv_model_i/sobel_axis_i/maxtri7x7_shift_i/line_buff_6/U0'
Finished Parsing XDC File [e:/WorkSpace/project/FPGA/SC130_3Channel/SC130_3Channel/SC130_3Channel.srcs/sources_1/ip/fifo_maxtrix/fifo_maxtrix.xdc] for cell 'opencv_model_i/sobel_axis_i/maxtri7x7_shift_i/line_buff_6/U0'
Parsing XDC File [E:/WorkSpace/project/FPGA/SC130_3Channel/SC130_3Channel/SC130_3Channel.srcs/constrs_1/new/system.xdc]
Finished Parsing XDC File [E:/WorkSpace/project/FPGA/SC130_3Channel/SC130_3Channel/SC130_3Channel.srcs/constrs_1/new/system.xdc]
Parsing XDC File [e:/WorkSpace/project/FPGA/SC130_3Channel/SC130_3Channel/SC130_3Channel.srcs/sources_1/bd/design_1/ip/design_1_axi_vdma_0_1/design_1_axi_vdma_0_1_clocks.xdc] for cell 'design_1_wrapper_i/design_1_i/axi_vdma_videoStream/U0'
Finished Parsing XDC File [e:/WorkSpace/project/FPGA/SC130_3Channel/SC130_3Channel/SC130_3Channel.srcs/sources_1/bd/design_1/ip/design_1_axi_vdma_0_1/design_1_axi_vdma_0_1_clocks.xdc] for cell 'design_1_wrapper_i/design_1_i/axi_vdma_videoStream/U0'
Parsing XDC File [e:/WorkSpace/project/FPGA/SC130_3Channel/SC130_3Channel/SC130_3Channel.srcs/sources_1/bd/design_1/ip/design_1_axi_vdma_1_0/design_1_axi_vdma_1_0_clocks.xdc] for cell 'design_1_wrapper_i/design_1_i/axi_vdma_imgCapture/U0'
Finished Parsing XDC File [e:/WorkSpace/project/FPGA/SC130_3Channel/SC130_3Channel/SC130_3Channel.srcs/sources_1/bd/design_1/ip/design_1_axi_vdma_1_0/design_1_axi_vdma_1_0_clocks.xdc] for cell 'design_1_wrapper_i/design_1_i/axi_vdma_imgCapture/U0'
Parsing XDC File [e:/WorkSpace/project/FPGA/SC130_3Channel/SC130_3Channel/SC130_3Channel.srcs/sources_1/bd/design_1/ip/design_1_axi_vdma_0_2/design_1_axi_vdma_0_2_clocks.xdc] for cell 'design_1_wrapper_i/design_1_i/axi_vdma_memCopy/U0'
Finished Parsing XDC File [e:/WorkSpace/project/FPGA/SC130_3Channel/SC130_3Channel/SC130_3Channel.srcs/sources_1/bd/design_1/ip/design_1_axi_vdma_0_2/design_1_axi_vdma_0_2_clocks.xdc] for cell 'design_1_wrapper_i/design_1_i/axi_vdma_memCopy/U0'
Parsing XDC File [e:/WorkSpace/project/FPGA/SC130_3Channel/SC130_3Channel/SC130_3Channel.srcs/sources_1/bd/design_1/ip/design_1_axi_vdma_imgCapture_0/design_1_axi_vdma_imgCapture_0_clocks.xdc] for cell 'design_1_wrapper_i/design_1_i/axi_vdma_imgCapture_Sobelx/U0'
Finished Parsing XDC File [e:/WorkSpace/project/FPGA/SC130_3Channel/SC130_3Channel/SC130_3Channel.srcs/sources_1/bd/design_1/ip/design_1_axi_vdma_imgCapture_0/design_1_axi_vdma_imgCapture_0_clocks.xdc] for cell 'design_1_wrapper_i/design_1_i/axi_vdma_imgCapture_Sobelx/U0'
Parsing XDC File [e:/WorkSpace/project/FPGA/SC130_3Channel/SC130_3Channel/SC130_3Channel.srcs/sources_1/bd/design_1/ip/design_1_axi_vdma_imgCapture1_0/design_1_axi_vdma_imgCapture1_0_clocks.xdc] for cell 'design_1_wrapper_i/design_1_i/axi_vdma_imgCapture_Sobely/U0'
Finished Parsing XDC File [e:/WorkSpace/project/FPGA/SC130_3Channel/SC130_3Channel/SC130_3Channel.srcs/sources_1/bd/design_1/ip/design_1_axi_vdma_imgCapture1_0/design_1_axi_vdma_imgCapture1_0_clocks.xdc] for cell 'design_1_wrapper_i/design_1_i/axi_vdma_imgCapture_Sobely/U0'
Parsing XDC File [e:/WorkSpace/project/FPGA/SC130_3Channel/SC130_3Channel/SC130_3Channel.srcs/sources_1/ip/fifo_generator_0/fifo_generator_0_clocks.xdc] for cell 'data_conv_model_i/fifo_0_i/U0'
Finished Parsing XDC File [e:/WorkSpace/project/FPGA/SC130_3Channel/SC130_3Channel/SC130_3Channel.srcs/sources_1/ip/fifo_generator_0/fifo_generator_0_clocks.xdc] for cell 'data_conv_model_i/fifo_0_i/U0'
Sourcing Tcl File [D:/Xilinx/Vivado/2018.2/data/ip/xpm/xpm_cdc/tcl/xpm_cdc_async_rst.tcl] for cell 'design_1_wrapper_i/design_1_i/axi_interconnect_0/m00_couplers/auto_pc/inst/gen_axi4_axi3.axi3_conv_inst/USE_READ.USE_SPLIT_R.read_addr_inst/USE_R_CHANNEL.cmd_queue/inst/fifo_gen_inst/inst_fifo_gen/gconvfifo.rf/grf.rf/rstblk/ngwrdrst.grst.g7serrst.gnsckt_wrst.rst_wr_reg2_inst'
Finished Sourcing Tcl File [D:/Xilinx/Vivado/2018.2/data/ip/xpm/xpm_cdc/tcl/xpm_cdc_async_rst.tcl] for cell 'design_1_wrapper_i/design_1_i/axi_interconnect_0/m00_couplers/auto_pc/inst/gen_axi4_axi3.axi3_conv_inst/USE_READ.USE_SPLIT_R.read_addr_inst/USE_R_CHANNEL.cmd_queue/inst/fifo_gen_inst/inst_fifo_gen/gconvfifo.rf/grf.rf/rstblk/ngwrdrst.grst.g7serrst.gnsckt_wrst.rst_wr_reg2_inst'
Sourcing Tcl File [D:/Xilinx/Vivado/2018.2/data/ip/xpm/xpm_cdc/tcl/xpm_cdc_async_rst.tcl] for cell 'design_1_wrapper_i/design_1_i/axi_interconnect_0/m00_couplers/auto_pc/inst/gen_axi4_axi3.axi3_conv_inst/USE_WRITE.write_addr_inst/USE_BURSTS.cmd_queue/inst/fifo_gen_inst/inst_fifo_gen/gconvfifo.rf/grf.rf/rstblk/ngwrdrst.grst.g7serrst.gnsckt_wrst.rst_wr_reg2_inst'
Finished Sourcing Tcl File [D:/Xilinx/Vivado/2018.2/data/ip/xpm/xpm_cdc/tcl/xpm_cdc_async_rst.tcl] for cell 'design_1_wrapper_i/design_1_i/axi_interconnect_0/m00_couplers/auto_pc/inst/gen_axi4_axi3.axi3_conv_inst/USE_WRITE.write_addr_inst/USE_BURSTS.cmd_queue/inst/fifo_gen_inst/inst_fifo_gen/gconvfifo.rf/grf.rf/rstblk/ngwrdrst.grst.g7serrst.gnsckt_wrst.rst_wr_reg2_inst'
Sourcing Tcl File [D:/Xilinx/Vivado/2018.2/data/ip/xpm/xpm_cdc/tcl/xpm_cdc_async_rst.tcl] for cell 'design_1_wrapper_i/design_1_i/axi_interconnect_0/m00_couplers/auto_pc/inst/gen_axi4_axi3.axi3_conv_inst/USE_WRITE.write_addr_inst/USE_B_CHANNEL.cmd_b_queue/inst/fifo_gen_inst/inst_fifo_gen/gconvfifo.rf/grf.rf/rstblk/ngwrdrst.grst.g7serrst.gnsckt_wrst.rst_wr_reg2_inst'
Finished Sourcing Tcl File [D:/Xilinx/Vivado/2018.2/data/ip/xpm/xpm_cdc/tcl/xpm_cdc_async_rst.tcl] for cell 'design_1_wrapper_i/design_1_i/axi_interconnect_0/m00_couplers/auto_pc/inst/gen_axi4_axi3.axi3_conv_inst/USE_WRITE.write_addr_inst/USE_B_CHANNEL.cmd_b_queue/inst/fifo_gen_inst/inst_fifo_gen/gconvfifo.rf/grf.rf/rstblk/ngwrdrst.grst.g7serrst.gnsckt_wrst.rst_wr_reg2_inst'
Sourcing Tcl File [D:/Xilinx/Vivado/2018.2/data/ip/xpm/xpm_cdc/tcl/xpm_cdc_async_rst.tcl] for cell 'design_1_wrapper_i/design_1_i/axi_mem_intercon/m00_couplers/auto_pc/inst/gen_axi4_axi3.axi3_conv_inst/USE_READ.USE_SPLIT_R.read_addr_inst/USE_R_CHANNEL.cmd_queue/inst/fifo_gen_inst/inst_fifo_gen/gconvfifo.rf/grf.rf/rstblk/ngwrdrst.grst.g7serrst.gnsckt_wrst.rst_wr_reg2_inst'
Finished Sourcing Tcl File [D:/Xilinx/Vivado/2018.2/data/ip/xpm/xpm_cdc/tcl/xpm_cdc_async_rst.tcl] for cell 'design_1_wrapper_i/design_1_i/axi_mem_intercon/m00_couplers/auto_pc/inst/gen_axi4_axi3.axi3_conv_inst/USE_READ.USE_SPLIT_R.read_addr_inst/USE_R_CHANNEL.cmd_queue/inst/fifo_gen_inst/inst_fifo_gen/gconvfifo.rf/grf.rf/rstblk/ngwrdrst.grst.g7serrst.gnsckt_wrst.rst_wr_reg2_inst'
Sourcing Tcl File [D:/Xilinx/Vivado/2018.2/data/ip/xpm/xpm_cdc/tcl/xpm_cdc_async_rst.tcl] for cell 'design_1_wrapper_i/design_1_i/axi_mem_intercon/m00_couplers/auto_pc/inst/gen_axi4_axi3.axi3_conv_inst/USE_WRITE.write_addr_inst/USE_BURSTS.cmd_queue/inst/fifo_gen_inst/inst_fifo_gen/gconvfifo.rf/grf.rf/rstblk/ngwrdrst.grst.g7serrst.gnsckt_wrst.rst_wr_reg2_inst'
Finished Sourcing Tcl File [D:/Xilinx/Vivado/2018.2/data/ip/xpm/xpm_cdc/tcl/xpm_cdc_async_rst.tcl] for cell 'design_1_wrapper_i/design_1_i/axi_mem_intercon/m00_couplers/auto_pc/inst/gen_axi4_axi3.axi3_conv_inst/USE_WRITE.write_addr_inst/USE_BURSTS.cmd_queue/inst/fifo_gen_inst/inst_fifo_gen/gconvfifo.rf/grf.rf/rstblk/ngwrdrst.grst.g7serrst.gnsckt_wrst.rst_wr_reg2_inst'
Sourcing Tcl File [D:/Xilinx/Vivado/2018.2/data/ip/xpm/xpm_cdc/tcl/xpm_cdc_async_rst.tcl] for cell 'design_1_wrapper_i/design_1_i/axi_mem_intercon/m00_couplers/auto_pc/inst/gen_axi4_axi3.axi3_conv_inst/USE_WRITE.write_addr_inst/USE_B_CHANNEL.cmd_b_queue/inst/fifo_gen_inst/inst_fifo_gen/gconvfifo.rf/grf.rf/rstblk/ngwrdrst.grst.g7serrst.gnsckt_wrst.rst_wr_reg2_inst'
Finished Sourcing Tcl File [D:/Xilinx/Vivado/2018.2/data/ip/xpm/xpm_cdc/tcl/xpm_cdc_async_rst.tcl] for cell 'design_1_wrapper_i/design_1_i/axi_mem_intercon/m00_couplers/auto_pc/inst/gen_axi4_axi3.axi3_conv_inst/USE_WRITE.write_addr_inst/USE_B_CHANNEL.cmd_b_queue/inst/fifo_gen_inst/inst_fifo_gen/gconvfifo.rf/grf.rf/rstblk/ngwrdrst.grst.g7serrst.gnsckt_wrst.rst_wr_reg2_inst'
Sourcing Tcl File [D:/Xilinx/Vivado/2018.2/data/ip/xpm/xpm_cdc/tcl/xpm_cdc_async_rst.tcl] for cell 'design_1_wrapper_i/design_1_i/axi_interconnect_1/s00_couplers/auto_pc/inst/gen_axi4_axi3.axi3_conv_inst/USE_WRITE.write_addr_inst/USE_B_CHANNEL.cmd_b_queue/inst/fifo_gen_inst/inst_fifo_gen/gconvfifo.rf/grf.rf/rstblk/ngwrdrst.grst.g7serrst.gnsckt_wrst.rst_wr_reg2_inst'
Finished Sourcing Tcl File [D:/Xilinx/Vivado/2018.2/data/ip/xpm/xpm_cdc/tcl/xpm_cdc_async_rst.tcl] for cell 'design_1_wrapper_i/design_1_i/axi_interconnect_1/s00_couplers/auto_pc/inst/gen_axi4_axi3.axi3_conv_inst/USE_WRITE.write_addr_inst/USE_B_CHANNEL.cmd_b_queue/inst/fifo_gen_inst/inst_fifo_gen/gconvfifo.rf/grf.rf/rstblk/ngwrdrst.grst.g7serrst.gnsckt_wrst.rst_wr_reg2_inst'
Sourcing Tcl File [D:/Xilinx/Vivado/2018.2/data/ip/xpm/xpm_cdc/tcl/xpm_cdc_async_rst.tcl] for cell 'design_1_wrapper_i/design_1_i/axi_interconnect_1/s00_couplers/auto_pc/inst/gen_axi4_axi3.axi3_conv_inst/USE_WRITE.write_addr_inst/USE_BURSTS.cmd_queue/inst/fifo_gen_inst/inst_fifo_gen/gconvfifo.rf/grf.rf/rstblk/ngwrdrst.grst.g7serrst.gnsckt_wrst.rst_wr_reg2_inst'
Finished Sourcing Tcl File [D:/Xilinx/Vivado/2018.2/data/ip/xpm/xpm_cdc/tcl/xpm_cdc_async_rst.tcl] for cell 'design_1_wrapper_i/design_1_i/axi_interconnect_1/s00_couplers/auto_pc/inst/gen_axi4_axi3.axi3_conv_inst/USE_WRITE.write_addr_inst/USE_BURSTS.cmd_queue/inst/fifo_gen_inst/inst_fifo_gen/gconvfifo.rf/grf.rf/rstblk/ngwrdrst.grst.g7serrst.gnsckt_wrst.rst_wr_reg2_inst'
Sourcing Tcl File [D:/Xilinx/Vivado/2018.2/data/ip/xpm/xpm_cdc/tcl/xpm_cdc_async_rst.tcl] for cell 'design_1_wrapper_i/design_1_i/axi_interconnect_2/s00_couplers/auto_pc/inst/gen_axi4_axi3.axi3_conv_inst/USE_WRITE.write_addr_inst/USE_B_CHANNEL.cmd_b_queue/inst/fifo_gen_inst/inst_fifo_gen/gconvfifo.rf/grf.rf/rstblk/ngwrdrst.grst.g7serrst.gnsckt_wrst.rst_wr_reg2_inst'
Finished Sourcing Tcl File [D:/Xilinx/Vivado/2018.2/data/ip/xpm/xpm_cdc/tcl/xpm_cdc_async_rst.tcl] for cell 'design_1_wrapper_i/design_1_i/axi_interconnect_2/s00_couplers/auto_pc/inst/gen_axi4_axi3.axi3_conv_inst/USE_WRITE.write_addr_inst/USE_B_CHANNEL.cmd_b_queue/inst/fifo_gen_inst/inst_fifo_gen/gconvfifo.rf/grf.rf/rstblk/ngwrdrst.grst.g7serrst.gnsckt_wrst.rst_wr_reg2_inst'
Sourcing Tcl File [D:/Xilinx/Vivado/2018.2/data/ip/xpm/xpm_cdc/tcl/xpm_cdc_async_rst.tcl] for cell 'design_1_wrapper_i/design_1_i/axi_interconnect_2/s00_couplers/auto_pc/inst/gen_axi4_axi3.axi3_conv_inst/USE_WRITE.write_addr_inst/USE_BURSTS.cmd_queue/inst/fifo_gen_inst/inst_fifo_gen/gconvfifo.rf/grf.rf/rstblk/ngwrdrst.grst.g7serrst.gnsckt_wrst.rst_wr_reg2_inst'
Finished Sourcing Tcl File [D:/Xilinx/Vivado/2018.2/data/ip/xpm/xpm_cdc/tcl/xpm_cdc_async_rst.tcl] for cell 'design_1_wrapper_i/design_1_i/axi_interconnect_2/s00_couplers/auto_pc/inst/gen_axi4_axi3.axi3_conv_inst/USE_WRITE.write_addr_inst/USE_BURSTS.cmd_queue/inst/fifo_gen_inst/inst_fifo_gen/gconvfifo.rf/grf.rf/rstblk/ngwrdrst.grst.g7serrst.gnsckt_wrst.rst_wr_reg2_inst'
Sourcing Tcl File [D:/Xilinx/Vivado/2018.2/data/ip/xpm/xpm_cdc/tcl/xpm_cdc_async_rst.tcl] for cell 'data_conv_model_i/fifo_0_i/U0/inst_fifo_gen/gaxis_fifo.gaxisf.gaxis_pkt_fifo_ic.rstblk/ngwrdrst.grst.g7serrst.gnsckt_wrst.gic_rst.rst_rd_reg2_inst'
Finished Sourcing Tcl File [D:/Xilinx/Vivado/2018.2/data/ip/xpm/xpm_cdc/tcl/xpm_cdc_async_rst.tcl] for cell 'data_conv_model_i/fifo_0_i/U0/inst_fifo_gen/gaxis_fifo.gaxisf.gaxis_pkt_fifo_ic.rstblk/ngwrdrst.grst.g7serrst.gnsckt_wrst.gic_rst.rst_rd_reg2_inst'
Sourcing Tcl File [D:/Xilinx/Vivado/2018.2/data/ip/xpm/xpm_cdc/tcl/xpm_cdc_async_rst.tcl] for cell 'data_conv_model_i/fifo_0_i/U0/inst_fifo_gen/reset_gen_ic.rstblk_ic/ngwrdrst.grst.g7serrst.gnsckt_wrst.rst_wr_reg2_inst'
Finished Sourcing Tcl File [D:/Xilinx/Vivado/2018.2/data/ip/xpm/xpm_cdc/tcl/xpm_cdc_async_rst.tcl] for cell 'data_conv_model_i/fifo_0_i/U0/inst_fifo_gen/reset_gen_ic.rstblk_ic/ngwrdrst.grst.g7serrst.gnsckt_wrst.rst_wr_reg2_inst'
Sourcing Tcl File [D:/Xilinx/Vivado/2018.2/data/ip/xpm/xpm_cdc/tcl/xpm_cdc_async_rst.tcl] for cell 'data_conv_model_i/fifo_0_i/U0/inst_fifo_gen/reset_gen_ic.rstblk_ic/ngwrdrst.grst.g7serrst.gnsckt_wrst.gic_rst.rst_rd_reg2_inst'
Finished Sourcing Tcl File [D:/Xilinx/Vivado/2018.2/data/ip/xpm/xpm_cdc/tcl/xpm_cdc_async_rst.tcl] for cell 'data_conv_model_i/fifo_0_i/U0/inst_fifo_gen/reset_gen_ic.rstblk_ic/ngwrdrst.grst.g7serrst.gnsckt_wrst.gic_rst.rst_rd_reg2_inst'
Sourcing Tcl File [D:/Xilinx/Vivado/2018.2/data/ip/xpm/xpm_cdc/tcl/xpm_cdc_async_rst.tcl] for cell 'data_conv_model_i/fifo_0_i/U0/inst_fifo_gen/gaxis_fifo.gaxisf.gaxis_pkt_fifo_ic.rstblk/ngwrdrst.grst.g7serrst.gnsckt_wrst.rst_wr_reg2_inst'
Finished Sourcing Tcl File [D:/Xilinx/Vivado/2018.2/data/ip/xpm/xpm_cdc/tcl/xpm_cdc_async_rst.tcl] for cell 'data_conv_model_i/fifo_0_i/U0/inst_fifo_gen/gaxis_fifo.gaxisf.gaxis_pkt_fifo_ic.rstblk/ngwrdrst.grst.g7serrst.gnsckt_wrst.rst_wr_reg2_inst'
Sourcing Tcl File [D:/Xilinx/Vivado/2018.2/data/ip/xpm/xpm_cdc/tcl/xpm_cdc_gray.tcl] for cell 'data_conv_model_i/fifo_0_i/U0/inst_fifo_gen/gaxis_fifo.gaxisf.gaxis_pkt_fifo_ic.pkt_rd_stg_inst'
Finished Sourcing Tcl File [D:/Xilinx/Vivado/2018.2/data/ip/xpm/xpm_cdc/tcl/xpm_cdc_gray.tcl] for cell 'data_conv_model_i/fifo_0_i/U0/inst_fifo_gen/gaxis_fifo.gaxisf.gaxis_pkt_fifo_ic.pkt_rd_stg_inst'
Sourcing Tcl File [D:/Xilinx/Vivado/2018.2/data/ip/xpm/xpm_cdc/tcl/xpm_cdc_gray.tcl] for cell 'data_conv_model_i/fifo_0_i/U0/inst_fifo_gen/gaxis_fifo.gaxisf.axisf/grf.rf/gntv_or_sync_fifo.gcx.clkx/wr_pntr_cdc_inst'
Finished Sourcing Tcl File [D:/Xilinx/Vivado/2018.2/data/ip/xpm/xpm_cdc/tcl/xpm_cdc_gray.tcl] for cell 'data_conv_model_i/fifo_0_i/U0/inst_fifo_gen/gaxis_fifo.gaxisf.axisf/grf.rf/gntv_or_sync_fifo.gcx.clkx/wr_pntr_cdc_inst'
Sourcing Tcl File [D:/Xilinx/Vivado/2018.2/data/ip/xpm/xpm_cdc/tcl/xpm_cdc_gray.tcl] for cell 'data_conv_model_i/fifo_0_i/U0/inst_fifo_gen/gaxis_fifo.gaxisf.axisf/grf.rf/gntv_or_sync_fifo.gcx.clkx/rd_pntr_cdc_inst'
Finished Sourcing Tcl File [D:/Xilinx/Vivado/2018.2/data/ip/xpm/xpm_cdc/tcl/xpm_cdc_gray.tcl] for cell 'data_conv_model_i/fifo_0_i/U0/inst_fifo_gen/gaxis_fifo.gaxisf.axisf/grf.rf/gntv_or_sync_fifo.gcx.clkx/rd_pntr_cdc_inst'
Sourcing Tcl File [D:/Xilinx/Vivado/2018.2/data/ip/xpm/xpm_cdc/tcl/xpm_cdc_single.tcl] for cell 'data_conv_model_i/fifo_0_i/U0/inst_fifo_gen/gaxis_fifo.gaxisf.gaxis_pkt_fifo_ic.rstblk/ngwrdrst.grst.g7serrst.gnsckt_wrst.gic_rst.xpm_cdc_single_inst_rrst_wr'
Finished Sourcing Tcl File [D:/Xilinx/Vivado/2018.2/data/ip/xpm/xpm_cdc/tcl/xpm_cdc_single.tcl] for cell 'data_conv_model_i/fifo_0_i/U0/inst_fifo_gen/gaxis_fifo.gaxisf.gaxis_pkt_fifo_ic.rstblk/ngwrdrst.grst.g7serrst.gnsckt_wrst.gic_rst.xpm_cdc_single_inst_rrst_wr'
Sourcing Tcl File [D:/Xilinx/Vivado/2018.2/data/ip/xpm/xpm_cdc/tcl/xpm_cdc_single.tcl] for cell 'data_conv_model_i/fifo_0_i/U0/inst_fifo_gen/reset_gen_ic.rstblk_ic/ngwrdrst.grst.g7serrst.gnsckt_wrst.gic_rst.xpm_cdc_single_inst_wrst_rd'
Finished Sourcing Tcl File [D:/Xilinx/Vivado/2018.2/data/ip/xpm/xpm_cdc/tcl/xpm_cdc_single.tcl] for cell 'data_conv_model_i/fifo_0_i/U0/inst_fifo_gen/reset_gen_ic.rstblk_ic/ngwrdrst.grst.g7serrst.gnsckt_wrst.gic_rst.xpm_cdc_single_inst_wrst_rd'
Sourcing Tcl File [D:/Xilinx/Vivado/2018.2/data/ip/xpm/xpm_cdc/tcl/xpm_cdc_single.tcl] for cell 'data_conv_model_i/fifo_0_i/U0/inst_fifo_gen/reset_gen_ic.rstblk_ic/ngwrdrst.grst.g7serrst.gnsckt_wrst.gic_rst.xpm_cdc_single_inst_rrst_wr'
Finished Sourcing Tcl File [D:/Xilinx/Vivado/2018.2/data/ip/xpm/xpm_cdc/tcl/xpm_cdc_single.tcl] for cell 'data_conv_model_i/fifo_0_i/U0/inst_fifo_gen/reset_gen_ic.rstblk_ic/ngwrdrst.grst.g7serrst.gnsckt_wrst.gic_rst.xpm_cdc_single_inst_rrst_wr'
Sourcing Tcl File [D:/Xilinx/Vivado/2018.2/data/ip/xpm/xpm_cdc/tcl/xpm_cdc_single.tcl] for cell 'data_conv_model_i/fifo_0_i/U0/inst_fifo_gen/gaxis_fifo.gaxisf.gaxis_pkt_fifo_ic.rstblk/ngwrdrst.grst.g7serrst.gnsckt_wrst.gic_rst.xpm_cdc_single_inst_wrst_rd'
Finished Sourcing Tcl File [D:/Xilinx/Vivado/2018.2/data/ip/xpm/xpm_cdc/tcl/xpm_cdc_single.tcl] for cell 'data_conv_model_i/fifo_0_i/U0/inst_fifo_gen/gaxis_fifo.gaxisf.gaxis_pkt_fifo_ic.rstblk/ngwrdrst.grst.g7serrst.gnsckt_wrst.gic_rst.xpm_cdc_single_inst_wrst_rd'
Sourcing Tcl File [D:/Xilinx/Vivado/2018.2/data/ip/xpm/xpm_cdc/tcl/xpm_cdc_single.tcl] for cell 'data_conv_model_i/fifo_0_i/U0/inst_fifo_gen/gaxis_fifo.gaxisf.axisf/grf.rf/rstblk/ngwrdrst.grst.g7serrst.gsckt_wrst.gic_rst.xpm_cdc_single_inst_rrst_wr'
Finished Sourcing Tcl File [D:/Xilinx/Vivado/2018.2/data/ip/xpm/xpm_cdc/tcl/xpm_cdc_single.tcl] for cell 'data_conv_model_i/fifo_0_i/U0/inst_fifo_gen/gaxis_fifo.gaxisf.axisf/grf.rf/rstblk/ngwrdrst.grst.g7serrst.gsckt_wrst.gic_rst.xpm_cdc_single_inst_rrst_wr'
Sourcing Tcl File [D:/Xilinx/Vivado/2018.2/data/ip/xpm/xpm_cdc/tcl/xpm_cdc_single.tcl] for cell 'data_conv_model_i/fifo_0_i/U0/inst_fifo_gen/gaxis_fifo.gaxisf.axisf/grf.rf/rstblk/ngwrdrst.grst.g7serrst.gsckt_wrst.gic_rst.xpm_cdc_single_inst_wrst_rd'
Finished Sourcing Tcl File [D:/Xilinx/Vivado/2018.2/data/ip/xpm/xpm_cdc/tcl/xpm_cdc_single.tcl] for cell 'data_conv_model_i/fifo_0_i/U0/inst_fifo_gen/gaxis_fifo.gaxisf.axisf/grf.rf/rstblk/ngwrdrst.grst.g7serrst.gsckt_wrst.gic_rst.xpm_cdc_single_inst_wrst_rd'
Sourcing Tcl File [D:/Xilinx/Vivado/2018.2/data/ip/xpm/xpm_cdc/tcl/xpm_cdc_single.tcl] for cell 'data_conv_model_i/fifo_0_i/U0/inst_fifo_gen/gaxis_fifo.gaxisf.gaxis_pkt_fifo_ic.af_rd_stg_inst'
Finished Sourcing Tcl File [D:/Xilinx/Vivado/2018.2/data/ip/xpm/xpm_cdc/tcl/xpm_cdc_single.tcl] for cell 'data_conv_model_i/fifo_0_i/U0/inst_fifo_gen/gaxis_fifo.gaxisf.gaxis_pkt_fifo_ic.af_rd_stg_inst'
Sourcing Tcl File [D:/Xilinx/Vivado/2018.2/data/ip/xpm/xpm_cdc/tcl/xpm_cdc_sync_rst.tcl] for cell 'data_conv_model_i/fifo_0_i/U0/inst_fifo_gen/gaxis_fifo.gaxisf.axisf/grf.rf/rstblk/ngwrdrst.grst.g7serrst.gsckt_wrst.gic_rst.xpm_cdc_sync_rst_inst_wrst'
Finished Sourcing Tcl File [D:/Xilinx/Vivado/2018.2/data/ip/xpm/xpm_cdc/tcl/xpm_cdc_sync_rst.tcl] for cell 'data_conv_model_i/fifo_0_i/U0/inst_fifo_gen/gaxis_fifo.gaxisf.axisf/grf.rf/rstblk/ngwrdrst.grst.g7serrst.gsckt_wrst.gic_rst.xpm_cdc_sync_rst_inst_wrst'
Sourcing Tcl File [D:/Xilinx/Vivado/2018.2/data/ip/xpm/xpm_cdc/tcl/xpm_cdc_sync_rst.tcl] for cell 'data_conv_model_i/fifo_0_i/U0/inst_fifo_gen/gaxis_fifo.gaxisf.axisf/grf.rf/rstblk/ngwrdrst.grst.g7serrst.gsckt_wrst.xpm_cdc_sync_rst_inst_wrst'
Finished Sourcing Tcl File [D:/Xilinx/Vivado/2018.2/data/ip/xpm/xpm_cdc/tcl/xpm_cdc_sync_rst.tcl] for cell 'data_conv_model_i/fifo_0_i/U0/inst_fifo_gen/gaxis_fifo.gaxisf.axisf/grf.rf/rstblk/ngwrdrst.grst.g7serrst.gsckt_wrst.xpm_cdc_sync_rst_inst_wrst'
Sourcing Tcl File [D:/Xilinx/Vivado/2018.2/data/ip/xpm/xpm_fifo/tcl/xpm_fifo_rst.tcl] for cell 'design_1_wrapper_i/design_1_i/axi_vdma_videoStream/U0/I_PRMRY_DATAMOVER/GEN_S2MM_FULL.I_S2MM_FULL_WRAPPER/GEN_ENABLE_INDET_BTT_SF.I_INDET_BTT/I_XD_FIFO/NON_BLK_MEM.I_SYNC_FIFOGEN_FIFO/xpm_fifo_instance.xpm_fifo_sync_inst/xpm_fifo_base_inst'
Finished Sourcing Tcl File [D:/Xilinx/Vivado/2018.2/data/ip/xpm/xpm_fifo/tcl/xpm_fifo_rst.tcl] for cell 'design_1_wrapper_i/design_1_i/axi_vdma_videoStream/U0/I_PRMRY_DATAMOVER/GEN_S2MM_FULL.I_S2MM_FULL_WRAPPER/GEN_ENABLE_INDET_BTT_SF.I_INDET_BTT/I_XD_FIFO/NON_BLK_MEM.I_SYNC_FIFOGEN_FIFO/xpm_fifo_instance.xpm_fifo_sync_inst/xpm_fifo_base_inst'
Sourcing Tcl File [D:/Xilinx/Vivado/2018.2/data/ip/xpm/xpm_fifo/tcl/xpm_fifo_rst.tcl] for cell 'design_1_wrapper_i/design_1_i/axi_vdma_videoStream/U0/I_PRMRY_DATAMOVER/GEN_S2MM_FULL.I_S2MM_FULL_WRAPPER/GEN_ENABLE_INDET_BTT_SF.I_INDET_BTT/I_DATA_FIFO/BLK_MEM.I_SYNC_FIFOGEN_FIFO/xpm_fifo_instance.xpm_fifo_sync_inst/xpm_fifo_base_inst'
Finished Sourcing Tcl File [D:/Xilinx/Vivado/2018.2/data/ip/xpm/xpm_fifo/tcl/xpm_fifo_rst.tcl] for cell 'design_1_wrapper_i/design_1_i/axi_vdma_videoStream/U0/I_PRMRY_DATAMOVER/GEN_S2MM_FULL.I_S2MM_FULL_WRAPPER/GEN_ENABLE_INDET_BTT_SF.I_INDET_BTT/I_DATA_FIFO/BLK_MEM.I_SYNC_FIFOGEN_FIFO/xpm_fifo_instance.xpm_fifo_sync_inst/xpm_fifo_base_inst'
Sourcing Tcl File [D:/Xilinx/Vivado/2018.2/data/ip/xpm/xpm_fifo/tcl/xpm_fifo_rst.tcl] for cell 'design_1_wrapper_i/design_1_i/axi_vdma_memCopy/U0/I_PRMRY_DATAMOVER/GEN_MM2S_FULL.I_MM2S_FULL_WRAPPER/GEN_INCLUDE_MM2S_SF.I_RD_SF/I_DATA_FIFO/BLK_MEM.I_SYNC_FIFOGEN_FIFO/xpm_fifo_instance.xpm_fifo_sync_inst/xpm_fifo_base_inst'
Finished Sourcing Tcl File [D:/Xilinx/Vivado/2018.2/data/ip/xpm/xpm_fifo/tcl/xpm_fifo_rst.tcl] for cell 'design_1_wrapper_i/design_1_i/axi_vdma_memCopy/U0/I_PRMRY_DATAMOVER/GEN_MM2S_FULL.I_MM2S_FULL_WRAPPER/GEN_INCLUDE_MM2S_SF.I_RD_SF/I_DATA_FIFO/BLK_MEM.I_SYNC_FIFOGEN_FIFO/xpm_fifo_instance.xpm_fifo_sync_inst/xpm_fifo_base_inst'
Sourcing Tcl File [D:/Xilinx/Vivado/2018.2/data/ip/xpm/xpm_fifo/tcl/xpm_fifo_rst.tcl] for cell 'design_1_wrapper_i/design_1_i/axi_vdma_memCopy/U0/I_PRMRY_DATAMOVER/GEN_S2MM_FULL.I_S2MM_FULL_WRAPPER/GEN_ENABLE_INDET_BTT_SF.I_INDET_BTT/I_XD_FIFO/NON_BLK_MEM.I_SYNC_FIFOGEN_FIFO/xpm_fifo_instance.xpm_fifo_sync_inst/xpm_fifo_base_inst'
Finished Sourcing Tcl File [D:/Xilinx/Vivado/2018.2/data/ip/xpm/xpm_fifo/tcl/xpm_fifo_rst.tcl] for cell 'design_1_wrapper_i/design_1_i/axi_vdma_memCopy/U0/I_PRMRY_DATAMOVER/GEN_S2MM_FULL.I_S2MM_FULL_WRAPPER/GEN_ENABLE_INDET_BTT_SF.I_INDET_BTT/I_XD_FIFO/NON_BLK_MEM.I_SYNC_FIFOGEN_FIFO/xpm_fifo_instance.xpm_fifo_sync_inst/xpm_fifo_base_inst'
Sourcing Tcl File [D:/Xilinx/Vivado/2018.2/data/ip/xpm/xpm_fifo/tcl/xpm_fifo_rst.tcl] for cell 'design_1_wrapper_i/design_1_i/axi_vdma_memCopy/U0/I_PRMRY_DATAMOVER/GEN_S2MM_FULL.I_S2MM_FULL_WRAPPER/GEN_ENABLE_INDET_BTT_SF.I_INDET_BTT/I_DATA_FIFO/BLK_MEM.I_SYNC_FIFOGEN_FIFO/xpm_fifo_instance.xpm_fifo_sync_inst/xpm_fifo_base_inst'
Finished Sourcing Tcl File [D:/Xilinx/Vivado/2018.2/data/ip/xpm/xpm_fifo/tcl/xpm_fifo_rst.tcl] for cell 'design_1_wrapper_i/design_1_i/axi_vdma_memCopy/U0/I_PRMRY_DATAMOVER/GEN_S2MM_FULL.I_S2MM_FULL_WRAPPER/GEN_ENABLE_INDET_BTT_SF.I_INDET_BTT/I_DATA_FIFO/BLK_MEM.I_SYNC_FIFOGEN_FIFO/xpm_fifo_instance.xpm_fifo_sync_inst/xpm_fifo_base_inst'
Sourcing Tcl File [D:/Xilinx/Vivado/2018.2/data/ip/xpm/xpm_fifo/tcl/xpm_fifo_rst.tcl] for cell 'design_1_wrapper_i/design_1_i/axi_vdma_imgCapture/U0/I_PRMRY_DATAMOVER/GEN_S2MM_FULL.I_S2MM_FULL_WRAPPER/GEN_ENABLE_INDET_BTT_SF.I_INDET_BTT/I_XD_FIFO/NON_BLK_MEM.I_SYNC_FIFOGEN_FIFO/xpm_fifo_instance.xpm_fifo_sync_inst/xpm_fifo_base_inst'
Finished Sourcing Tcl File [D:/Xilinx/Vivado/2018.2/data/ip/xpm/xpm_fifo/tcl/xpm_fifo_rst.tcl] for cell 'design_1_wrapper_i/design_1_i/axi_vdma_imgCapture/U0/I_PRMRY_DATAMOVER/GEN_S2MM_FULL.I_S2MM_FULL_WRAPPER/GEN_ENABLE_INDET_BTT_SF.I_INDET_BTT/I_XD_FIFO/NON_BLK_MEM.I_SYNC_FIFOGEN_FIFO/xpm_fifo_instance.xpm_fifo_sync_inst/xpm_fifo_base_inst'
Sourcing Tcl File [D:/Xilinx/Vivado/2018.2/data/ip/xpm/xpm_fifo/tcl/xpm_fifo_rst.tcl] for cell 'design_1_wrapper_i/design_1_i/axi_vdma_imgCapture/U0/I_PRMRY_DATAMOVER/GEN_S2MM_FULL.I_S2MM_FULL_WRAPPER/GEN_ENABLE_INDET_BTT_SF.I_INDET_BTT/I_DATA_FIFO/BLK_MEM.I_SYNC_FIFOGEN_FIFO/xpm_fifo_instance.xpm_fifo_sync_inst/xpm_fifo_base_inst'
Finished Sourcing Tcl File [D:/Xilinx/Vivado/2018.2/data/ip/xpm/xpm_fifo/tcl/xpm_fifo_rst.tcl] for cell 'design_1_wrapper_i/design_1_i/axi_vdma_imgCapture/U0/I_PRMRY_DATAMOVER/GEN_S2MM_FULL.I_S2MM_FULL_WRAPPER/GEN_ENABLE_INDET_BTT_SF.I_INDET_BTT/I_DATA_FIFO/BLK_MEM.I_SYNC_FIFOGEN_FIFO/xpm_fifo_instance.xpm_fifo_sync_inst/xpm_fifo_base_inst'
Sourcing Tcl File [D:/Xilinx/Vivado/2018.2/data/ip/xpm/xpm_fifo/tcl/xpm_fifo_rst.tcl] for cell 'design_1_wrapper_i/design_1_i/axi_vdma_imgCapture_Sobely/U0/I_PRMRY_DATAMOVER/GEN_S2MM_FULL.I_S2MM_FULL_WRAPPER/GEN_ENABLE_INDET_BTT_SF.I_INDET_BTT/I_XD_FIFO/NON_BLK_MEM.I_SYNC_FIFOGEN_FIFO/xpm_fifo_instance.xpm_fifo_sync_inst/xpm_fifo_base_inst'
Finished Sourcing Tcl File [D:/Xilinx/Vivado/2018.2/data/ip/xpm/xpm_fifo/tcl/xpm_fifo_rst.tcl] for cell 'design_1_wrapper_i/design_1_i/axi_vdma_imgCapture_Sobely/U0/I_PRMRY_DATAMOVER/GEN_S2MM_FULL.I_S2MM_FULL_WRAPPER/GEN_ENABLE_INDET_BTT_SF.I_INDET_BTT/I_XD_FIFO/NON_BLK_MEM.I_SYNC_FIFOGEN_FIFO/xpm_fifo_instance.xpm_fifo_sync_inst/xpm_fifo_base_inst'
Sourcing Tcl File [D:/Xilinx/Vivado/2018.2/data/ip/xpm/xpm_fifo/tcl/xpm_fifo_rst.tcl] for cell 'design_1_wrapper_i/design_1_i/axi_vdma_imgCapture_Sobely/U0/I_PRMRY_DATAMOVER/GEN_S2MM_FULL.I_S2MM_FULL_WRAPPER/GEN_ENABLE_INDET_BTT_SF.I_INDET_BTT/I_DATA_FIFO/BLK_MEM.I_SYNC_FIFOGEN_FIFO/xpm_fifo_instance.xpm_fifo_sync_inst/xpm_fifo_base_inst'
Finished Sourcing Tcl File [D:/Xilinx/Vivado/2018.2/data/ip/xpm/xpm_fifo/tcl/xpm_fifo_rst.tcl] for cell 'design_1_wrapper_i/design_1_i/axi_vdma_imgCapture_Sobely/U0/I_PRMRY_DATAMOVER/GEN_S2MM_FULL.I_S2MM_FULL_WRAPPER/GEN_ENABLE_INDET_BTT_SF.I_INDET_BTT/I_DATA_FIFO/BLK_MEM.I_SYNC_FIFOGEN_FIFO/xpm_fifo_instance.xpm_fifo_sync_inst/xpm_fifo_base_inst'
Sourcing Tcl File [D:/Xilinx/Vivado/2018.2/data/ip/xpm/xpm_fifo/tcl/xpm_fifo_rst.tcl] for cell 'design_1_wrapper_i/design_1_i/axi_vdma_imgCapture_Sobelx/U0/I_PRMRY_DATAMOVER/GEN_S2MM_FULL.I_S2MM_FULL_WRAPPER/GEN_ENABLE_INDET_BTT_SF.I_INDET_BTT/I_XD_FIFO/NON_BLK_MEM.I_SYNC_FIFOGEN_FIFO/xpm_fifo_instance.xpm_fifo_sync_inst/xpm_fifo_base_inst'
Finished Sourcing Tcl File [D:/Xilinx/Vivado/2018.2/data/ip/xpm/xpm_fifo/tcl/xpm_fifo_rst.tcl] for cell 'design_1_wrapper_i/design_1_i/axi_vdma_imgCapture_Sobelx/U0/I_PRMRY_DATAMOVER/GEN_S2MM_FULL.I_S2MM_FULL_WRAPPER/GEN_ENABLE_INDET_BTT_SF.I_INDET_BTT/I_XD_FIFO/NON_BLK_MEM.I_SYNC_FIFOGEN_FIFO/xpm_fifo_instance.xpm_fifo_sync_inst/xpm_fifo_base_inst'
Sourcing Tcl File [D:/Xilinx/Vivado/2018.2/data/ip/xpm/xpm_fifo/tcl/xpm_fifo_rst.tcl] for cell 'design_1_wrapper_i/design_1_i/axi_vdma_imgCapture_Sobelx/U0/I_PRMRY_DATAMOVER/GEN_S2MM_FULL.I_S2MM_FULL_WRAPPER/GEN_ENABLE_INDET_BTT_SF.I_INDET_BTT/I_DATA_FIFO/BLK_MEM.I_SYNC_FIFOGEN_FIFO/xpm_fifo_instance.xpm_fifo_sync_inst/xpm_fifo_base_inst'
Finished Sourcing Tcl File [D:/Xilinx/Vivado/2018.2/data/ip/xpm/xpm_fifo/tcl/xpm_fifo_rst.tcl] for cell 'design_1_wrapper_i/design_1_i/axi_vdma_imgCapture_Sobelx/U0/I_PRMRY_DATAMOVER/GEN_S2MM_FULL.I_S2MM_FULL_WRAPPER/GEN_ENABLE_INDET_BTT_SF.I_INDET_BTT/I_DATA_FIFO/BLK_MEM.I_SYNC_FIFOGEN_FIFO/xpm_fifo_instance.xpm_fifo_sync_inst/xpm_fifo_base_inst'
INFO: [Opt 31-138] Pushed 0 inverter(s) to 0 load pin(s).
INFO: [Project 1-111] Unisim Transformation Summary:
  A total of 23 instances were transformed.
  IOBUF => IOBUF (IBUF, OBUFT): 3 instances
  RAM32M => RAM32M (RAMD32, RAMD32, RAMD32, RAMD32, RAMD32, RAMD32, RAMS32, RAMS32): 18 instances
  RAM32X1D => RAM32X1D (RAMD32, RAMD32): 2 instances

31 Infos, 2 Warnings, 0 Critical Warnings and 0 Errors encountered.
link_design completed successfully
link_design: Time (s): cpu = 00:00:43 ; elapsed = 00:00:48 . Memory (MB): peak = 1487.930 ; gain = 1113.141
Command: opt_design
Attempting to get a license for feature 'Implementation' and/or device 'xc7z020'
INFO: [Common 17-349] Got license for feature 'Implementation' and/or device 'xc7z020'
Running DRC as a precondition to command opt_design

Starting DRC Task
INFO: [DRC 23-27] Running DRC with 2 threads
INFO: [Project 1-461] DRC finished with 0 Errors
INFO: [Project 1-462] Please refer to the DRC report (report_drc) for more information.

Time (s): cpu = 00:00:02 ; elapsed = 00:00:01 . Memory (MB): peak = 1487.930 ; gain = 0.000

Starting Cache Timing Information Task
INFO: [Timing 38-35] Done setting XDC timing constraints.
Ending Cache Timing Information Task | Checksum: e6604811

Time (s): cpu = 00:00:03 ; elapsed = 00:00:02 . Memory (MB): peak = 1487.930 ; gain = 0.000

Starting Logic Optimization Task

Phase 1 Generate And Synthesize Debug Cores
INFO: [Chipscope 16-329] Generating Script for core instance : dbg_hub 
INFO: [IP_Flow 19-3806] Processing IP xilinx.com:ip:xsdbm:3.0 for cell dbg_hub_CV.
INFO: [Chipscope 16-329] Generating Script for core instance : u_ila_0 
INFO: [IP_Flow 19-3806] Processing IP xilinx.com:ip:ila:6.2 for cell u_ila_0_CV.
Netlist sorting complete. Time (s): cpu = 00:00:01 ; elapsed = 00:00:00.262 . Memory (MB): peak = 1587.133 ; gain = 1.051
Phase 1 Generate And Synthesize Debug Cores | Checksum: 160cbbe41

Time (s): cpu = 00:00:12 ; elapsed = 00:04:47 . Memory (MB): peak = 1587.133 ; gain = 99.203

Phase 2 Retarget
INFO: [Opt 31-138] Pushed 7 inverter(s) to 45 load pin(s).
INFO: [Opt 31-49] Retargeted 0 cell(s).
Phase 2 Retarget | Checksum: 124976d09

Time (s): cpu = 00:00:17 ; elapsed = 00:04:51 . Memory (MB): peak = 1590.164 ; gain = 102.234
INFO: [Opt 31-389] Phase Retarget created 0 cells and removed 0 cells

Phase 3 Constant propagation
INFO: [Opt 31-138] Pushed 1 inverter(s) to 1 load pin(s).
Phase 3 Constant propagation | Checksum: 1b0e87754

Time (s): cpu = 00:00:18 ; elapsed = 00:04:53 . Memory (MB): peak = 1590.164 ; gain = 102.234
INFO: [Opt 31-389] Phase Constant propagation created 117 cells and removed 1095 cells

Phase 4 Sweep
Phase 4 Sweep | Checksum: 1756ee970

Time (s): cpu = 00:00:22 ; elapsed = 00:04:56 . Memory (MB): peak = 1590.164 ; gain = 102.234
INFO: [Opt 31-389] Phase Sweep created 7 cells and removed 2153 cells

Phase 5 BUFG optimization
Phase 5 BUFG optimization | Checksum: 1756ee970

Time (s): cpu = 00:00:24 ; elapsed = 00:04:58 . Memory (MB): peak = 1590.164 ; gain = 102.234
INFO: [Opt 31-662] Phase BUFG optimization created 0 cells of which 0 are BUFGs and removed 0 cells.

Phase 6 Shift Register Optimization
Phase 6 Shift Register Optimization | Checksum: f93c120e

Time (s): cpu = 00:00:27 ; elapsed = 00:05:01 . Memory (MB): peak = 1590.164 ; gain = 102.234
INFO: [Opt 31-389] Phase Shift Register Optimization created 0 cells and removed 0 cells

Phase 7 Post Processing Netlist
Phase 7 Post Processing Netlist | Checksum: f93c120e

Time (s): cpu = 00:00:27 ; elapsed = 00:05:02 . Memory (MB): peak = 1590.164 ; gain = 102.234
INFO: [Opt 31-389] Phase Post Processing Netlist created 0 cells and removed 0 cells

Starting Connectivity Check Task

Time (s): cpu = 00:00:01 ; elapsed = 00:00:00.121 . Memory (MB): peak = 1590.164 ; gain = 0.000
Ending Logic Optimization Task | Checksum: f93c120e

Time (s): cpu = 00:00:28 ; elapsed = 00:05:02 . Memory (MB): peak = 1590.164 ; gain = 102.234

Starting Power Optimization Task
INFO: [Pwropt 34-132] Skipping clock gating for clocks with a period < 2.00 ns.
INFO: [Timing 38-35] Done setting XDC timing constraints.
INFO: [Pwropt 34-9] Applying IDT optimizations ...
INFO: [Pwropt 34-10] Applying ODC optimizations ...
INFO: [Physopt 32-619] Estimated Timing Summary | WNS=2.529 | TNS=0.000 |
Running Vector-less Activity Propagation...

Finished Running Vector-less Activity Propagation


Starting PowerOpt Patch Enables Task
INFO: [Pwropt 34-162] WRITE_MODE attribute of 22 BRAM(s) out of a total of 111 has been updated to save power. Run report_power_opt to get a complete listing of the BRAMs updated.
INFO: [Timing 38-35] Done setting XDC timing constraints.
INFO: [Pwropt 34-201] Structural ODC has moved 4 WE to EN ports
Number of BRAM Ports augmented: 105 newly gated: 6 Total Ports: 222
Number of Flops added for Enable Generation: 2

Ending PowerOpt Patch Enables Task | Checksum: 189f15807

Time (s): cpu = 00:00:04 ; elapsed = 00:00:03 . Memory (MB): peak = 2317.371 ; gain = 0.000
Ending Power Optimization Task | Checksum: 189f15807

Time (s): cpu = 00:00:41 ; elapsed = 00:00:23 . Memory (MB): peak = 2317.371 ; gain = 727.207

Starting Final Cleanup Task

Starting Logic Optimization Task
INFO: [Timing 38-35] Done setting XDC timing constraints.
Ending Logic Optimization Task | Checksum: 1ba9090a9

Time (s): cpu = 00:00:07 ; elapsed = 00:00:06 . Memory (MB): peak = 2317.371 ; gain = 0.000
Ending Final Cleanup Task | Checksum: 1ba9090a9

Time (s): cpu = 00:00:08 ; elapsed = 00:00:06 . Memory (MB): peak = 2317.371 ; gain = 0.000
INFO: [Common 17-83] Releasing license: Implementation
65 Infos, 2 Warnings, 0 Critical Warnings and 0 Errors encountered.
opt_design completed successfully
opt_design: Time (s): cpu = 00:01:22 ; elapsed = 00:05:36 . Memory (MB): peak = 2317.371 ; gain = 829.441
INFO: [Timing 38-480] Writing timing data to binary archive.
Writing placer database...
Writing XDEF routing.
Writing XDEF routing logical nets.
Writing XDEF routing special nets.
Write XDEF Complete: Time (s): cpu = 00:00:00 ; elapsed = 00:00:00.113 . Memory (MB): peak = 2317.371 ; gain = 0.000
INFO: [Common 17-1381] The checkpoint 'E:/WorkSpace/project/FPGA/SC130_3Channel/SC130_3Channel/SC130_3Channel.runs/impl_1/top_opt.dcp' has been generated.
write_checkpoint: Time (s): cpu = 00:00:13 ; elapsed = 00:00:09 . Memory (MB): peak = 2317.371 ; gain = 0.000
INFO: [runtcl-4] Executing : report_drc -file top_drc_opted.rpt -pb top_drc_opted.pb -rpx top_drc_opted.rpx
Command: report_drc -file top_drc_opted.rpt -pb top_drc_opted.pb -rpx top_drc_opted.rpx
INFO: [IP_Flow 19-1839] IP Catalog is up to date.
INFO: [DRC 23-27] Running DRC with 2 threads
INFO: [Coretcl 2-168] The results of DRC are in file E:/WorkSpace/project/FPGA/SC130_3Channel/SC130_3Channel/SC130_3Channel.runs/impl_1/top_drc_opted.rpt.
report_drc completed successfully
INFO: [Chipscope 16-240] Debug cores have already been implemented
Command: place_design
Attempting to get a license for feature 'Implementation' and/or device 'xc7z020'
INFO: [Common 17-349] Got license for feature 'Implementation' and/or device 'xc7z020'
INFO: [DRC 23-27] Running DRC with 2 threads
INFO: [Vivado_Tcl 4-198] DRC finished with 0 Errors
INFO: [Vivado_Tcl 4-199] Please refer to the DRC report (report_drc) for more information.
Running DRC as a precondition to command place_design
INFO: [DRC 23-27] Running DRC with 2 threads
INFO: [Vivado_Tcl 4-198] DRC finished with 0 Errors
INFO: [Vivado_Tcl 4-199] Please refer to the DRC report (report_drc) for more information.

Starting Placer Task
INFO: [Place 30-611] Multithreading enabled for place_design using a maximum of 2 CPUs

Phase 1 Placer Initialization

Phase 1.1 Placer Initialization Netlist Sorting
Netlist sorting complete. Time (s): cpu = 00:00:01 ; elapsed = 00:00:00.100 . Memory (MB): peak = 2317.371 ; gain = 0.000
Phase 1.1 Placer Initialization Netlist Sorting | Checksum: 103aec3d7

Time (s): cpu = 00:00:01 ; elapsed = 00:00:00.159 . Memory (MB): peak = 2317.371 ; gain = 0.000
INFO: [Timing 38-35] Done setting XDC timing constraints.
INFO: [Opt 31-138] Pushed 0 inverter(s) to 0 load pin(s).
Netlist sorting complete. Time (s): cpu = 00:00:00 ; elapsed = 00:00:00.094 . Memory (MB): peak = 2317.371 ; gain = 0.000

Phase 1.2 IO Placement/ Clock Placement/ Build Placer Device
INFO: [Timing 38-35] Done setting XDC timing constraints.
WARNING: [Place 30-574] Poor placement for routing between an IO pin and BUFG. This is normally an ERROR but the CLOCK_DEDICATED_ROUTE constraint is set to FALSE allowing your design to continue. The use of this override is highly discouraged as it may lead to very poor timing results. It is recommended that this error condition be corrected in the design.

	CMOS_PIXCLK_IBUF_inst (IBUF.O) is locked to IOB_X1Y113
	CMOS_PIXCLK_IBUF_BUFG_inst (BUFG.I) is provisionally placed by clockplacer on BUFGCTRL_X0Y0
Resolution: Poor placement of an IO pin and a BUFG has resulted in the router using a non-dedicated path between the two.  There are several things that could trigger this DRC, each of which can cause unpredictable clock insertion delays that result in poor timing.  This DRC could be caused by any of the following: (a) a clock port was placed on a pin that is not a CCIO-pin (b)the BUFG has not been placed in the same half of the device or SLR as the CCIO-pin (c) a single ended clock has been placed on the N-Side of a differential pair CCIO-pin.
Phase 1.2 IO Placement/ Clock Placement/ Build Placer Device | Checksum: 10e2a7f9b

Time (s): cpu = 00:00:16 ; elapsed = 00:00:13 . Memory (MB): peak = 2317.371 ; gain = 0.000

Phase 1.3 Build Placer Netlist Model
Phase 1.3 Build Placer Netlist Model | Checksum: 173d14e35

Time (s): cpu = 00:00:29 ; elapsed = 00:00:23 . Memory (MB): peak = 2317.371 ; gain = 0.000

Phase 1.4 Constrain Clocks/Macros
Phase 1.4 Constrain Clocks/Macros | Checksum: 173d14e35

Time (s): cpu = 00:00:29 ; elapsed = 00:00:23 . Memory (MB): peak = 2317.371 ; gain = 0.000
Phase 1 Placer Initialization | Checksum: 173d14e35

Time (s): cpu = 00:00:29 ; elapsed = 00:00:24 . Memory (MB): peak = 2317.371 ; gain = 0.000

Phase 2 Global Placement

Phase 2.1 Floorplanning
Phase 2.1 Floorplanning | Checksum: 137962f81

Time (s): cpu = 00:00:33 ; elapsed = 00:00:26 . Memory (MB): peak = 2317.371 ; gain = 0.000

Phase 2.2 Physical Synthesis In Placer
INFO: [Physopt 32-65] No nets found for high-fanout optimization.
INFO: [Physopt 32-232] Optimized 0 net. Created 0 new instance.
INFO: [Physopt 32-775] End 1 Pass. Optimized 0 net or cell. Created 0 new cell, deleted 0 existing cell and moved 0 existing cell
Netlist sorting complete. Time (s): cpu = 00:00:00 ; elapsed = 00:00:00.088 . Memory (MB): peak = 2317.371 ; gain = 0.000

Summary of Physical Synthesis Optimizations
============================================


-----------------------------------------------------------------------------------------------------------------------------
|  Optimization       |  Added Cells  |  Removed Cells  |  Optimized Cells/Nets  |  Dont Touch  |  Iterations  |  Elapsed   |
-----------------------------------------------------------------------------------------------------------------------------
|  Very High Fanout   |            0  |              0  |                     0  |           0  |           1  |  00:00:00  |
|  Total              |            0  |              0  |                     0  |           0  |           1  |  00:00:00  |
-----------------------------------------------------------------------------------------------------------------------------


Phase 2.2 Physical Synthesis In Placer | Checksum: 2056c46df

Time (s): cpu = 00:01:21 ; elapsed = 00:00:53 . Memory (MB): peak = 2317.371 ; gain = 0.000
Phase 2 Global Placement | Checksum: 1f5ff9978

Time (s): cpu = 00:01:23 ; elapsed = 00:00:54 . Memory (MB): peak = 2317.371 ; gain = 0.000

Phase 3 Detail Placement

Phase 3.1 Commit Multi Column Macros
Phase 3.1 Commit Multi Column Macros | Checksum: 1f5ff9978

Time (s): cpu = 00:01:23 ; elapsed = 00:00:54 . Memory (MB): peak = 2317.371 ; gain = 0.000

Phase 3.2 Commit Most Macros & LUTRAMs
Phase 3.2 Commit Most Macros & LUTRAMs | Checksum: 1c3ea83bd

Time (s): cpu = 00:01:32 ; elapsed = 00:01:01 . Memory (MB): peak = 2317.371 ; gain = 0.000

Phase 3.3 Area Swap Optimization
Phase 3.3 Area Swap Optimization | Checksum: 25a5478cc

Time (s): cpu = 00:01:32 ; elapsed = 00:01:01 . Memory (MB): peak = 2317.371 ; gain = 0.000

Phase 3.4 Pipeline Register Optimization
Phase 3.4 Pipeline Register Optimization | Checksum: 1e82eaef9

Time (s): cpu = 00:01:32 ; elapsed = 00:01:01 . Memory (MB): peak = 2317.371 ; gain = 0.000

Phase 3.5 Small Shape Detail Placement
Phase 3.5 Small Shape Detail Placement | Checksum: 24201ec90

Time (s): cpu = 00:01:45 ; elapsed = 00:01:15 . Memory (MB): peak = 2317.371 ; gain = 0.000

Phase 3.6 Re-assign LUT pins
Phase 3.6 Re-assign LUT pins | Checksum: 22403df50

Time (s): cpu = 00:01:47 ; elapsed = 00:01:17 . Memory (MB): peak = 2317.371 ; gain = 0.000

Phase 3.7 Pipeline Register Optimization
Phase 3.7 Pipeline Register Optimization | Checksum: 22403df50

Time (s): cpu = 00:01:48 ; elapsed = 00:01:17 . Memory (MB): peak = 2317.371 ; gain = 0.000
Phase 3 Detail Placement | Checksum: 22403df50

Time (s): cpu = 00:01:48 ; elapsed = 00:01:17 . Memory (MB): peak = 2317.371 ; gain = 0.000

Phase 4 Post Placement Optimization and Clean-Up

Phase 4.1 Post Commit Optimization
INFO: [Timing 38-35] Done setting XDC timing constraints.

Phase 4.1.1 Post Placement Optimization
Post Placement Optimization Initialization | Checksum: 2245e0629

Phase 4.1.1.1 BUFG Insertion
INFO: [Place 46-31] BUFG insertion identified 0 candidate nets, 0 success, 0 skipped for placement/routing, 0 skipped for timing, 0 skipped for netlist change reason.
Phase 4.1.1.1 BUFG Insertion | Checksum: 2245e0629

Time (s): cpu = 00:02:00 ; elapsed = 00:01:26 . Memory (MB): peak = 2317.371 ; gain = 0.000
INFO: [Place 30-746] Post Placement Timing Summary WNS=1.662. For the most accurate timing information please run report_timing.
Phase 4.1.1 Post Placement Optimization | Checksum: 1d9cfe7d7

Time (s): cpu = 00:02:00 ; elapsed = 00:01:26 . Memory (MB): peak = 2317.371 ; gain = 0.000
Phase 4.1 Post Commit Optimization | Checksum: 1d9cfe7d7

Time (s): cpu = 00:02:00 ; elapsed = 00:01:26 . Memory (MB): peak = 2317.371 ; gain = 0.000

Phase 4.2 Post Placement Cleanup
Phase 4.2 Post Placement Cleanup | Checksum: 1d9cfe7d7

Time (s): cpu = 00:02:01 ; elapsed = 00:01:27 . Memory (MB): peak = 2317.371 ; gain = 0.000

Phase 4.3 Placer Reporting
Phase 4.3 Placer Reporting | Checksum: 1d9cfe7d7

Time (s): cpu = 00:02:01 ; elapsed = 00:01:27 . Memory (MB): peak = 2317.371 ; gain = 0.000

Phase 4.4 Final Placement Cleanup
Phase 4.4 Final Placement Cleanup | Checksum: 229f9ad0e

Time (s): cpu = 00:02:02 ; elapsed = 00:01:27 . Memory (MB): peak = 2317.371 ; gain = 0.000
Phase 4 Post Placement Optimization and Clean-Up | Checksum: 229f9ad0e

Time (s): cpu = 00:02:02 ; elapsed = 00:01:27 . Memory (MB): peak = 2317.371 ; gain = 0.000
Ending Placer Task | Checksum: 17d035bdd

Time (s): cpu = 00:02:02 ; elapsed = 00:01:28 . Memory (MB): peak = 2317.371 ; gain = 0.000
INFO: [Common 17-83] Releasing license: Implementation
90 Infos, 3 Warnings, 0 Critical Warnings and 0 Errors encountered.
place_design completed successfully
place_design: Time (s): cpu = 00:02:07 ; elapsed = 00:01:32 . Memory (MB): peak = 2317.371 ; gain = 0.000
INFO: [Timing 38-480] Writing timing data to binary archive.
Writing placer database...
Writing XDEF routing.
Writing XDEF routing logical nets.
Writing XDEF routing special nets.
Write XDEF Complete: Time (s): cpu = 00:00:11 ; elapsed = 00:00:03 . Memory (MB): peak = 2317.371 ; gain = 0.000
INFO: [Common 17-1381] The checkpoint 'E:/WorkSpace/project/FPGA/SC130_3Channel/SC130_3Channel/SC130_3Channel.runs/impl_1/top_placed.dcp' has been generated.
write_checkpoint: Time (s): cpu = 00:00:17 ; elapsed = 00:00:10 . Memory (MB): peak = 2317.371 ; gain = 0.000
INFO: [runtcl-4] Executing : report_io -file top_io_placed.rpt
report_io: Time (s): cpu = 00:00:00 ; elapsed = 00:00:00.090 . Memory (MB): peak = 2317.371 ; gain = 0.000
INFO: [runtcl-4] Executing : report_utilization -file top_utilization_placed.rpt -pb top_utilization_placed.pb
report_utilization: Time (s): cpu = 00:00:01 ; elapsed = 00:00:00.527 . Memory (MB): peak = 2317.371 ; gain = 0.000
INFO: [runtcl-4] Executing : report_control_sets -verbose -file top_control_sets_placed.rpt
report_control_sets: Time (s): cpu = 00:00:00 ; elapsed = 00:00:00.256 . Memory (MB): peak = 2317.371 ; gain = 0.000
Command: route_design
Attempting to get a license for feature 'Implementation' and/or device 'xc7z020'
INFO: [Common 17-349] Got license for feature 'Implementation' and/or device 'xc7z020'
Running DRC as a precondition to command route_design
INFO: [DRC 23-27] Running DRC with 2 threads
WARNING: [DRC PLCK-12] Clock Placer Checks: Poor placement for routing between an IO pin and BUFG. 
Resolution: Poor placement of an IO pin and a BUFG has resulted in the router using a non-dedicated path between the two.  There are several things that could trigger this DRC, each of which can cause unpredictable clock insertion delays that result in poor timing.  This DRC could be caused by any of the following: (a) a clock port was placed on a pin that is not a CCIO-pin (b)the BUFG has not been placed in the same half of the device or SLR as the CCIO-pin (c) a single ended clock has been placed on the N-Side of a differential pair CCIO-pin.
 This is normally an ERROR but the CLOCK_DEDICATED_ROUTE constraint is set to FALSE allowing your design to continue. The use of this override is highly discouraged as it may lead to very poor timing results. It is recommended that this error condition be corrected in the design.

	CMOS_PIXCLK_IBUF_inst (IBUF.O) is locked to IOB_X1Y113
	CMOS_PIXCLK_IBUF_BUFG_inst (BUFG.I) is provisionally placed by clockplacer on BUFGCTRL_X0Y0
INFO: [Vivado_Tcl 4-198] DRC finished with 0 Errors, 1 Warnings
INFO: [Vivado_Tcl 4-199] Please refer to the DRC report (report_drc) for more information.


Starting Routing Task
INFO: [Route 35-254] Multithreading enabled for route_design using a maximum of 2 CPUs
Checksum: PlaceDB: b66a1d31 ConstDB: 0 ShapeSum: c6993eac RouteDB: 0

Phase 1 Build RT Design
Phase 1 Build RT Design | Checksum: 158f17a29

Time (s): cpu = 00:00:35 ; elapsed = 00:00:26 . Memory (MB): peak = 2317.371 ; gain = 0.000
Post Restoration Checksum: NetGraph: 9ed768a8 NumContArr: ba1a1181 Constraints: 0 Timing: 0

Phase 2 Router Initialization

Phase 2.1 Create Timer
Phase 2.1 Create Timer | Checksum: 158f17a29

Time (s): cpu = 00:00:37 ; elapsed = 00:00:28 . Memory (MB): peak = 2317.371 ; gain = 0.000

Phase 2.2 Fix Topology Constraints
Phase 2.2 Fix Topology Constraints | Checksum: 158f17a29

Time (s): cpu = 00:00:37 ; elapsed = 00:00:28 . Memory (MB): peak = 2317.371 ; gain = 0.000

Phase 2.3 Pre Route Cleanup
Phase 2.3 Pre Route Cleanup | Checksum: 158f17a29

Time (s): cpu = 00:00:37 ; elapsed = 00:00:28 . Memory (MB): peak = 2317.371 ; gain = 0.000
 Number of Nodes with overlaps = 0

Phase 2.4 Update Timing
Phase 2.4 Update Timing | Checksum: 1ccc0a5ac

Time (s): cpu = 00:00:54 ; elapsed = 00:00:39 . Memory (MB): peak = 2317.371 ; gain = 0.000
INFO: [Route 35-416] Intermediate Timing Summary | WNS=1.714  | TNS=0.000  | WHS=-0.502 | THS=-762.989|


Phase 2.5 Update Timing for Bus Skew

Phase 2.5.1 Update Timing
Phase 2.5.1 Update Timing | Checksum: 209fc978a

Time (s): cpu = 00:01:03 ; elapsed = 00:00:45 . Memory (MB): peak = 2317.371 ; gain = 0.000
INFO: [Route 35-416] Intermediate Timing Summary | WNS=1.714  | TNS=0.000  | WHS=N/A    | THS=N/A    |

Phase 2.5 Update Timing for Bus Skew | Checksum: 27508c1e1

Time (s): cpu = 00:01:03 ; elapsed = 00:00:45 . Memory (MB): peak = 2317.371 ; gain = 0.000
Phase 2 Router Initialization | Checksum: 269efd827

Time (s): cpu = 00:01:03 ; elapsed = 00:00:45 . Memory (MB): peak = 2317.371 ; gain = 0.000

Phase 3 Initial Routing
Phase 3 Initial Routing | Checksum: 13de4f54f

Time (s): cpu = 00:01:15 ; elapsed = 00:00:51 . Memory (MB): peak = 2317.371 ; gain = 0.000

Phase 4 Rip-up And Reroute

Phase 4.1 Global Iteration 0
 Number of Nodes with overlaps = 2696
 Number of Nodes with overlaps = 162
 Number of Nodes with overlaps = 8
 Number of Nodes with overlaps = 1
 Number of Nodes with overlaps = 0
INFO: [Route 35-416] Intermediate Timing Summary | WNS=0.974  | TNS=0.000  | WHS=N/A    | THS=N/A    |

Phase 4.1 Global Iteration 0 | Checksum: 2780c4e50

Time (s): cpu = 00:01:38 ; elapsed = 00:01:04 . Memory (MB): peak = 2317.371 ; gain = 0.000

Phase 4.2 Global Iteration 1
 Number of Nodes with overlaps = 10
 Number of Nodes with overlaps = 0
INFO: [Route 35-416] Intermediate Timing Summary | WNS=0.974  | TNS=0.000  | WHS=N/A    | THS=N/A    |

Phase 4.2 Global Iteration 1 | Checksum: 142d6a738

Time (s): cpu = 00:01:40 ; elapsed = 00:01:06 . Memory (MB): peak = 2317.371 ; gain = 0.000
Phase 4 Rip-up And Reroute | Checksum: 142d6a738

Time (s): cpu = 00:01:40 ; elapsed = 00:01:06 . Memory (MB): peak = 2317.371 ; gain = 0.000

Phase 5 Delay and Skew Optimization

Phase 5.1 Delay CleanUp

Phase 5.1.1 Update Timing
Phase 5.1.1 Update Timing | Checksum: 1ad6dcb06

Time (s): cpu = 00:01:43 ; elapsed = 00:01:07 . Memory (MB): peak = 2317.371 ; gain = 0.000
INFO: [Route 35-416] Intermediate Timing Summary | WNS=0.974  | TNS=0.000  | WHS=N/A    | THS=N/A    |

Phase 5.1 Delay CleanUp | Checksum: 160dcf1c5

Time (s): cpu = 00:01:43 ; elapsed = 00:01:08 . Memory (MB): peak = 2317.371 ; gain = 0.000

Phase 5.2 Clock Skew Optimization
Phase 5.2 Clock Skew Optimization | Checksum: 160dcf1c5

Time (s): cpu = 00:01:43 ; elapsed = 00:01:08 . Memory (MB): peak = 2317.371 ; gain = 0.000
Phase 5 Delay and Skew Optimization | Checksum: 160dcf1c5

Time (s): cpu = 00:01:43 ; elapsed = 00:01:08 . Memory (MB): peak = 2317.371 ; gain = 0.000

Phase 6 Post Hold Fix

Phase 6.1 Hold Fix Iter

Phase 6.1.1 Update Timing
Phase 6.1.1 Update Timing | Checksum: c5025348

Time (s): cpu = 00:01:46 ; elapsed = 00:01:10 . Memory (MB): peak = 2317.371 ; gain = 0.000
INFO: [Route 35-416] Intermediate Timing Summary | WNS=0.974  | TNS=0.000  | WHS=-0.524 | THS=-1.008 |


Phase 6.1.2 Lut RouteThru Assignment for hold
Phase 6.1.2 Lut RouteThru Assignment for hold | Checksum: f1ccbdde

Time (s): cpu = 00:01:48 ; elapsed = 00:01:11 . Memory (MB): peak = 2317.371 ; gain = 0.000
Phase 6.1 Hold Fix Iter | Checksum: f1ccbdde

Time (s): cpu = 00:01:48 ; elapsed = 00:01:11 . Memory (MB): peak = 2317.371 ; gain = 0.000

Phase 6.2 Additional Hold Fix
INFO: [Route 35-416] Intermediate Timing Summary | WNS=0.974  | TNS=0.000  | WHS=-0.524 | THS=-1.008 |

Phase 6.2 Additional Hold Fix | Checksum: f8674c5d

Time (s): cpu = 00:01:52 ; elapsed = 00:01:15 . Memory (MB): peak = 2317.371 ; gain = 0.000
Phase 6 Post Hold Fix | Checksum: 1111063de

Time (s): cpu = 00:01:54 ; elapsed = 00:01:17 . Memory (MB): peak = 2317.371 ; gain = 0.000

Phase 7 Route finalize

Router Utilization Summary
  Global Vertical Routing Utilization    = 7.48385 %
  Global Horizontal Routing Utilization  = 9.11275 %
  Routable Net Status*
  *Does not include unroutable nets such as driverless and loadless.
  Run report_route_status for detailed report.
  Number of Failed Nets               = 0
  Number of Unrouted Nets             = 0
  Number of Partially Routed Nets     = 0
  Number of Node Overlaps             = 0

Phase 7 Route finalize | Checksum: 1111063de

Time (s): cpu = 00:01:55 ; elapsed = 00:01:17 . Memory (MB): peak = 2317.371 ; gain = 0.000

Phase 8 Verifying routed nets

 Verification completed successfully
Phase 8 Verifying routed nets | Checksum: 1111063de

Time (s): cpu = 00:01:55 ; elapsed = 00:01:17 . Memory (MB): peak = 2317.371 ; gain = 0.000

Phase 9 Depositing Routes
Phase 9 Depositing Routes | Checksum: 134a586ba

Time (s): cpu = 00:01:58 ; elapsed = 00:01:20 . Memory (MB): peak = 2317.371 ; gain = 0.000
WARNING: [Route 35-419] Router was unable to fix hold violation on pin u_ila_0/inst/ila_core_inst/shifted_data_in_reg[7][334]_srl8/D driven by global clock buffer BUFGCTRL_X0Y16.
Resolution: Run report_timing_summary to analyze the hold violations.
WARNING: [Route 35-419] Router was unable to fix hold violation on pin u_ila_0/inst/ila_core_inst/u_trig/U_TM/N_DDR_MODE.G_NMU[37].U_M/allx_typeA_match_detection.ltlib_v1_0_0_allx_typeA_inst/probeDelay1_reg[0]/D driven by global clock buffer BUFGCTRL_X0Y16.
Resolution: Run report_timing_summary to analyze the hold violations.

Phase 10 Post Router Timing

Phase 10.1 Update Timing
Phase 10.1 Update Timing | Checksum: 1259eb7bb

Time (s): cpu = 00:02:01 ; elapsed = 00:01:22 . Memory (MB): peak = 2317.371 ; gain = 0.000
INFO: [Route 35-57] Estimated Timing Summary | WNS=0.974  | TNS=0.000  | WHS=-0.524 | THS=-1.008 |

WARNING: [Route 35-328] Router estimated timing not met.
Resolution: For a complete and accurate timing signoff, report_timing_summary must be run after route_design. Alternatively, route_design can be run with the -timing_summary option to enable a complete timing signoff at the end of route_design.
Phase 10 Post Router Timing | Checksum: 1259eb7bb

Time (s): cpu = 00:02:01 ; elapsed = 00:01:23 . Memory (MB): peak = 2317.371 ; gain = 0.000
INFO: [Route 35-16] Router Completed Successfully

Time (s): cpu = 00:02:01 ; elapsed = 00:01:23 . Memory (MB): peak = 2317.371 ; gain = 0.000

Routing Is Done.
INFO: [Common 17-83] Releasing license: Implementation
110 Infos, 7 Warnings, 0 Critical Warnings and 0 Errors encountered.
route_design completed successfully
route_design: Time (s): cpu = 00:02:08 ; elapsed = 00:01:27 . Memory (MB): peak = 2317.371 ; gain = 0.000
INFO: [Timing 38-480] Writing timing data to binary archive.
Writing placer database...
Writing XDEF routing.
Writing XDEF routing logical nets.
Writing XDEF routing special nets.
Write XDEF Complete: Time (s): cpu = 00:00:14 ; elapsed = 00:00:05 . Memory (MB): peak = 2317.371 ; gain = 0.000
INFO: [Common 17-1381] The checkpoint 'E:/WorkSpace/project/FPGA/SC130_3Channel/SC130_3Channel/SC130_3Channel.runs/impl_1/top_routed.dcp' has been generated.
write_checkpoint: Time (s): cpu = 00:00:19 ; elapsed = 00:00:11 . Memory (MB): peak = 2317.371 ; gain = 0.000
INFO: [runtcl-4] Executing : report_drc -file top_drc_routed.rpt -pb top_drc_routed.pb -rpx top_drc_routed.rpx
Command: report_drc -file top_drc_routed.rpt -pb top_drc_routed.pb -rpx top_drc_routed.rpx
INFO: [IP_Flow 19-1839] IP Catalog is up to date.
INFO: [DRC 23-27] Running DRC with 2 threads
INFO: [Coretcl 2-168] The results of DRC are in file E:/WorkSpace/project/FPGA/SC130_3Channel/SC130_3Channel/SC130_3Channel.runs/impl_1/top_drc_routed.rpt.
report_drc completed successfully
report_drc: Time (s): cpu = 00:00:13 ; elapsed = 00:00:07 . Memory (MB): peak = 2317.371 ; gain = 0.000
INFO: [runtcl-4] Executing : report_methodology -file top_methodology_drc_routed.rpt -pb top_methodology_drc_routed.pb -rpx top_methodology_drc_routed.rpx
Command: report_methodology -file top_methodology_drc_routed.rpt -pb top_methodology_drc_routed.pb -rpx top_methodology_drc_routed.rpx
INFO: [Timing 38-35] Done setting XDC timing constraints.
INFO: [Timing 38-35] Done setting XDC timing constraints.
INFO: [DRC 23-133] Running Methodology with 2 threads
INFO: [Coretcl 2-1520] The results of Report Methodology are in file E:/WorkSpace/project/FPGA/SC130_3Channel/SC130_3Channel/SC130_3Channel.runs/impl_1/top_methodology_drc_routed.rpt.
report_methodology completed successfully
report_methodology: Time (s): cpu = 00:00:27 ; elapsed = 00:00:16 . Memory (MB): peak = 2317.371 ; gain = 0.000
INFO: [runtcl-4] Executing : report_power -file top_power_routed.rpt -pb top_power_summary_routed.pb -rpx top_power_routed.rpx
Command: report_power -file top_power_routed.rpt -pb top_power_summary_routed.pb -rpx top_power_routed.rpx
INFO: [Timing 38-35] Done setting XDC timing constraints.
Running Vector-less Activity Propagation...

Finished Running Vector-less Activity Propagation
WARNING: [Power 33-332] Found switching activity that implies high-fanout reset nets being asserted for excessive periods of time which may result in inaccurate power analysis.
Resolution: To review and fix problems, please run Power Constraints Advisor in the GUI from Tools > Power Constraints Advisor or run report_power with the -advisory option to generate a text report.
123 Infos, 8 Warnings, 0 Critical Warnings and 0 Errors encountered.
report_power completed successfully
report_power: Time (s): cpu = 00:00:22 ; elapsed = 00:00:13 . Memory (MB): peak = 2317.371 ; gain = 0.000
INFO: [runtcl-4] Executing : report_route_status -file top_route_status.rpt -pb top_route_status.pb
INFO: [runtcl-4] Executing : report_timing_summary -max_paths 10 -file top_timing_summary_routed.rpt -pb top_timing_summary_routed.pb -rpx top_timing_summary_routed.rpx -warn_on_violation 
INFO: [Timing 38-91] UpdateTimingParams: Speed grade: -1, Delay Type: min_max, Timing Stage: Requireds.
INFO: [Timing 38-191] Multithreading enabled for timing update using a maximum of 2 CPUs
CRITICAL WARNING: [Timing 38-282] The design failed to meet the timing requirements. Please see the timing summary report for details on the timing violations.
WARNING: [Timing 38-436] There are set_bus_skew constraint(s) in this design. Please run report_bus_skew to ensure that bus skew requirements are met.
INFO: [runtcl-4] Executing : report_incremental_reuse -file top_incremental_reuse_routed.rpt
INFO: [Vivado_Tcl 4-545] No incremental reuse to report, no incremental placement and routing data was found.
INFO: [runtcl-4] Executing : report_clock_utilization -file top_clock_utilization_routed.rpt
INFO: [runtcl-4] Executing : report_bus_skew -warn_on_violation -file top_bus_skew_routed.rpt -pb top_bus_skew_routed.pb -rpx top_bus_skew_routed.rpx
INFO: [Timing 38-91] UpdateTimingParams: Speed grade: -1, Delay Type: min_max, Timing Stage: Requireds.
INFO: [Timing 38-191] Multithreading enabled for timing update using a maximum of 2 CPUs
INFO: [Memdata 28-167] Found XPM memory block design_1_wrapper_i/design_1_i/axi_vdma_videoStream/U0/I_PRMRY_DATAMOVER/GEN_S2MM_FULL.I_S2MM_FULL_WRAPPER/GEN_ENABLE_INDET_BTT_SF.I_INDET_BTT/I_XD_FIFO/NON_BLK_MEM.I_SYNC_FIFOGEN_FIFO/xpm_fifo_instance.xpm_fifo_sync_inst/xpm_fifo_base_inst/gen_sdpram.xpm_memory_base_inst with a P_MEMORY_PRIMITIVE property set to auto. A value of block is required. You will not be able to use the updatemem program to update the bitstream with new data for the design_1_wrapper_i/design_1_i/axi_vdma_videoStream/U0/I_PRMRY_DATAMOVER/GEN_S2MM_FULL.I_S2MM_FULL_WRAPPER/GEN_ENABLE_INDET_BTT_SF.I_INDET_BTT/I_XD_FIFO/NON_BLK_MEM.I_SYNC_FIFOGEN_FIFO/xpm_fifo_instance.xpm_fifo_sync_inst/xpm_fifo_base_inst/gen_sdpram.xpm_memory_base_inst block.
INFO: [Memdata 28-208] The XPM instance: <design_1_wrapper_i/design_1_i/axi_vdma_videoStream/U0/I_PRMRY_DATAMOVER/GEN_S2MM_FULL.I_S2MM_FULL_WRAPPER/GEN_ENABLE_INDET_BTT_SF.I_INDET_BTT/I_DATA_FIFO/BLK_MEM.I_SYNC_FIFOGEN_FIFO/xpm_fifo_instance.xpm_fifo_sync_inst/xpm_fifo_base_inst/gen_sdpram.xpm_memory_base_inst> is part of IP: <design_1_wrapper_i/design_1_i/axi_vdma_videoStream>. This XPM instance will be excluded from the .mmi because updatemem is prohibited from making changes to an XPM that is part of an IP.
INFO: [Memdata 28-167] Found XPM memory block design_1_wrapper_i/design_1_i/axi_vdma_memCopy/U0/I_PRMRY_DATAMOVER/GEN_S2MM_FULL.I_S2MM_FULL_WRAPPER/GEN_ENABLE_INDET_BTT_SF.I_INDET_BTT/I_XD_FIFO/NON_BLK_MEM.I_SYNC_FIFOGEN_FIFO/xpm_fifo_instance.xpm_fifo_sync_inst/xpm_fifo_base_inst/gen_sdpram.xpm_memory_base_inst with a P_MEMORY_PRIMITIVE property set to auto. A value of block is required. You will not be able to use the updatemem program to update the bitstream with new data for the design_1_wrapper_i/design_1_i/axi_vdma_memCopy/U0/I_PRMRY_DATAMOVER/GEN_S2MM_FULL.I_S2MM_FULL_WRAPPER/GEN_ENABLE_INDET_BTT_SF.I_INDET_BTT/I_XD_FIFO/NON_BLK_MEM.I_SYNC_FIFOGEN_FIFO/xpm_fifo_instance.xpm_fifo_sync_inst/xpm_fifo_base_inst/gen_sdpram.xpm_memory_base_inst block.
INFO: [Memdata 28-208] The XPM instance: <design_1_wrapper_i/design_1_i/axi_vdma_memCopy/U0/I_PRMRY_DATAMOVER/GEN_S2MM_FULL.I_S2MM_FULL_WRAPPER/GEN_ENABLE_INDET_BTT_SF.I_INDET_BTT/I_DATA_FIFO/BLK_MEM.I_SYNC_FIFOGEN_FIFO/xpm_fifo_instance.xpm_fifo_sync_inst/xpm_fifo_base_inst/gen_sdpram.xpm_memory_base_inst> is part of IP: <design_1_wrapper_i/design_1_i/axi_vdma_memCopy>. This XPM instance will be excluded from the .mmi because updatemem is prohibited from making changes to an XPM that is part of an IP.
INFO: [Memdata 28-208] The XPM instance: <design_1_wrapper_i/design_1_i/axi_vdma_memCopy/U0/I_PRMRY_DATAMOVER/GEN_MM2S_FULL.I_MM2S_FULL_WRAPPER/GEN_INCLUDE_MM2S_SF.I_RD_SF/I_DATA_FIFO/BLK_MEM.I_SYNC_FIFOGEN_FIFO/xpm_fifo_instance.xpm_fifo_sync_inst/xpm_fifo_base_inst/gen_sdpram.xpm_memory_base_inst> is part of IP: <design_1_wrapper_i/design_1_i/axi_vdma_memCopy>. This XPM instance will be excluded from the .mmi because updatemem is prohibited from making changes to an XPM that is part of an IP.
INFO: [Memdata 28-167] Found XPM memory block design_1_wrapper_i/design_1_i/axi_vdma_imgCapture_Sobely/U0/I_PRMRY_DATAMOVER/GEN_S2MM_FULL.I_S2MM_FULL_WRAPPER/GEN_ENABLE_INDET_BTT_SF.I_INDET_BTT/I_XD_FIFO/NON_BLK_MEM.I_SYNC_FIFOGEN_FIFO/xpm_fifo_instance.xpm_fifo_sync_inst/xpm_fifo_base_inst/gen_sdpram.xpm_memory_base_inst with a P_MEMORY_PRIMITIVE property set to auto. A value of block is required. You will not be able to use the updatemem program to update the bitstream with new data for the design_1_wrapper_i/design_1_i/axi_vdma_imgCapture_Sobely/U0/I_PRMRY_DATAMOVER/GEN_S2MM_FULL.I_S2MM_FULL_WRAPPER/GEN_ENABLE_INDET_BTT_SF.I_INDET_BTT/I_XD_FIFO/NON_BLK_MEM.I_SYNC_FIFOGEN_FIFO/xpm_fifo_instance.xpm_fifo_sync_inst/xpm_fifo_base_inst/gen_sdpram.xpm_memory_base_inst block.
INFO: [Memdata 28-208] The XPM instance: <design_1_wrapper_i/design_1_i/axi_vdma_imgCapture_Sobely/U0/I_PRMRY_DATAMOVER/GEN_S2MM_FULL.I_S2MM_FULL_WRAPPER/GEN_ENABLE_INDET_BTT_SF.I_INDET_BTT/I_DATA_FIFO/BLK_MEM.I_SYNC_FIFOGEN_FIFO/xpm_fifo_instance.xpm_fifo_sync_inst/xpm_fifo_base_inst/gen_sdpram.xpm_memory_base_inst> is part of IP: <design_1_wrapper_i/design_1_i/axi_vdma_imgCapture_Sobely>. This XPM instance will be excluded from the .mmi because updatemem is prohibited from making changes to an XPM that is part of an IP.
INFO: [Memdata 28-167] Found XPM memory block design_1_wrapper_i/design_1_i/axi_vdma_imgCapture_Sobelx/U0/I_PRMRY_DATAMOVER/GEN_S2MM_FULL.I_S2MM_FULL_WRAPPER/GEN_ENABLE_INDET_BTT_SF.I_INDET_BTT/I_XD_FIFO/NON_BLK_MEM.I_SYNC_FIFOGEN_FIFO/xpm_fifo_instance.xpm_fifo_sync_inst/xpm_fifo_base_inst/gen_sdpram.xpm_memory_base_inst with a P_MEMORY_PRIMITIVE property set to auto. A value of block is required. You will not be able to use the updatemem program to update the bitstream with new data for the design_1_wrapper_i/design_1_i/axi_vdma_imgCapture_Sobelx/U0/I_PRMRY_DATAMOVER/GEN_S2MM_FULL.I_S2MM_FULL_WRAPPER/GEN_ENABLE_INDET_BTT_SF.I_INDET_BTT/I_XD_FIFO/NON_BLK_MEM.I_SYNC_FIFOGEN_FIFO/xpm_fifo_instance.xpm_fifo_sync_inst/xpm_fifo_base_inst/gen_sdpram.xpm_memory_base_inst block.
INFO: [Memdata 28-208] The XPM instance: <design_1_wrapper_i/design_1_i/axi_vdma_imgCapture_Sobelx/U0/I_PRMRY_DATAMOVER/GEN_S2MM_FULL.I_S2MM_FULL_WRAPPER/GEN_ENABLE_INDET_BTT_SF.I_INDET_BTT/I_DATA_FIFO/BLK_MEM.I_SYNC_FIFOGEN_FIFO/xpm_fifo_instance.xpm_fifo_sync_inst/xpm_fifo_base_inst/gen_sdpram.xpm_memory_base_inst> is part of IP: <design_1_wrapper_i/design_1_i/axi_vdma_imgCapture_Sobelx>. This XPM instance will be excluded from the .mmi because updatemem is prohibited from making changes to an XPM that is part of an IP.
INFO: [Memdata 28-167] Found XPM memory block design_1_wrapper_i/design_1_i/axi_vdma_imgCapture/U0/I_PRMRY_DATAMOVER/GEN_S2MM_FULL.I_S2MM_FULL_WRAPPER/GEN_ENABLE_INDET_BTT_SF.I_INDET_BTT/I_XD_FIFO/NON_BLK_MEM.I_SYNC_FIFOGEN_FIFO/xpm_fifo_instance.xpm_fifo_sync_inst/xpm_fifo_base_inst/gen_sdpram.xpm_memory_base_inst with a P_MEMORY_PRIMITIVE property set to auto. A value of block is required. You will not be able to use the updatemem program to update the bitstream with new data for the design_1_wrapper_i/design_1_i/axi_vdma_imgCapture/U0/I_PRMRY_DATAMOVER/GEN_S2MM_FULL.I_S2MM_FULL_WRAPPER/GEN_ENABLE_INDET_BTT_SF.I_INDET_BTT/I_XD_FIFO/NON_BLK_MEM.I_SYNC_FIFOGEN_FIFO/xpm_fifo_instance.xpm_fifo_sync_inst/xpm_fifo_base_inst/gen_sdpram.xpm_memory_base_inst block.
INFO: [Memdata 28-208] The XPM instance: <design_1_wrapper_i/design_1_i/axi_vdma_imgCapture/U0/I_PRMRY_DATAMOVER/GEN_S2MM_FULL.I_S2MM_FULL_WRAPPER/GEN_ENABLE_INDET_BTT_SF.I_INDET_BTT/I_DATA_FIFO/BLK_MEM.I_SYNC_FIFOGEN_FIFO/xpm_fifo_instance.xpm_fifo_sync_inst/xpm_fifo_base_inst/gen_sdpram.xpm_memory_base_inst> is part of IP: <design_1_wrapper_i/design_1_i/axi_vdma_imgCapture>. This XPM instance will be excluded from the .mmi because updatemem is prohibited from making changes to an XPM that is part of an IP.
Command: write_bitstream -force top.bit
Attempting to get a license for feature 'Implementation' and/or device 'xc7z020'
INFO: [Common 17-349] Got license for feature 'Implementation' and/or device 'xc7z020'
Running DRC as a precondition to command write_bitstream
INFO: [IP_Flow 19-1839] IP Catalog is up to date.
INFO: [DRC 23-27] Running DRC with 2 threads
WARNING: [DRC DPIP-1] Input pipelining: DSP isp_model_axis_i/gaus_sharp_axis_i/data_tmp20 input isp_model_axis_i/gaus_sharp_axis_i/data_tmp20/C[47:0] is not pipelined. Pipelining DSP48 input will improve performance.
WARNING: [DRC DPOP-2] MREG Output pipelining: DSP isp_model_axis_i/gaus_sharp_axis_i/data_factor_reg multiplier stage isp_model_axis_i/gaus_sharp_axis_i/data_factor_reg/P[47:0] is not pipelined (MREG=0). Pipelining the multiplier function will improve performance and will save significant power so it is suggested whenever possible to fully pipeline this function.  If this multiplier was inferred, it is suggested to describe an additional register stage after this function.  If there is no registered adder/accumulator following the multiply function, two pipeline stages are suggested to allow both the MREG and PREG registers to be used.  If the DSP48 was instantiated in the design, it is suggested to set both the MREG and PREG attributes to 1 when performing multiply functions.
WARNING: [DRC DPOP-2] MREG Output pipelining: DSP isp_model_axis_i/gaus_sharp_axis_i/data_tmp20 multiplier stage isp_model_axis_i/gaus_sharp_axis_i/data_tmp20/P[47:0] is not pipelined (MREG=0). Pipelining the multiplier function will improve performance and will save significant power so it is suggested whenever possible to fully pipeline this function.  If this multiplier was inferred, it is suggested to describe an additional register stage after this function.  If there is no registered adder/accumulator following the multiply function, two pipeline stages are suggested to allow both the MREG and PREG registers to be used.  If the DSP48 was instantiated in the design, it is suggested to set both the MREG and PREG attributes to 1 when performing multiply functions.
WARNING: [DRC RTSTAT-10] No routable loads: 148 net(s) have no routable loads. The problem bus(es) and/or net(s) are design_1_wrapper_i/design_1_i/axi_vdma_imgCapture_Sobely/U0/GEN_SPRT_FOR_S2MM.S2MM_LINEBUFFER_I/GEN_S2MM_FLUSH_SOF_LOGIC.GEN_LINEBUFFER_FLUSH_SOF.GEN_SYNC_FIFO_FLUSH_SOF.I_LINEBUFFER_FIFO/fg_inst/inst_fifo_gen/gconvfifo.rf/grf.rf/gntv_or_sync_fifo.gl0.rd/gr1.gr1_int.rfwft/aempty_fwft_i, design_1_wrapper_i/design_1_i/axi_interconnect_1/s00_couplers/auto_pc/inst/gen_axi4_axi3.axi3_conv_inst/USE_WRITE.write_addr_inst/USE_B_CHANNEL.cmd_b_queue/inst/fifo_gen_inst/inst_fifo_gen/gconvfifo.rf/grf.rf/gntv_or_sync_fifo.gl0.rd/gr1.gr1_int.rfwft/aempty_fwft_i, design_1_wrapper_i/design_1_i/axi_interconnect_2/s00_couplers/auto_pc/inst/gen_axi4_axi3.axi3_conv_inst/USE_WRITE.write_addr_inst/USE_BURSTS.cmd_queue/inst/fifo_gen_inst/inst_fifo_gen/gconvfifo.rf/grf.rf/gntv_or_sync_fifo.gl0.rd/gr1.gr1_int.rfwft/aempty_fwft_i, design_1_wrapper_i/design_1_i/axi_mem_intercon/m00_couplers/auto_pc/inst/gen_axi4_axi3.axi3_conv_inst/USE_READ.USE_SPLIT_R.read_addr_inst/USE_R_CHANNEL.cmd_queue/inst/fifo_gen_inst/inst_fifo_gen/gconvfifo.rf/grf.rf/gntv_or_sync_fifo.gl0.rd/gr1.gr1_int.rfwft/aempty_fwft_i, dbg_hub/inst/BSCANID.u_xsdbm_id/CORE_XSDB.UUT_MASTER/U_ICON_INTERFACE/U_CMD6_RD/U_RD_FIFO/SUBCORE_FIFO.xsdbm_v3_0_0_rdfifo_inst/inst_fifo_gen/gconvfifo.rf/grf.rf/gntv_or_sync_fifo.gl0.rd/gr1.gr1_int.rfwft/aempty_fwft_i, design_1_wrapper_i/design_1_i/axi_vdma_imgCapture/U0/GEN_SPRT_FOR_S2MM.S2MM_LINEBUFFER_I/GEN_S2MM_FLUSH_SOF_LOGIC.GEN_LINEBUFFER_FLUSH_SOF.GEN_SYNC_FIFO_FLUSH_SOF.I_LINEBUFFER_FIFO/fg_inst/inst_fifo_gen/gconvfifo.rf/grf.rf/gntv_or_sync_fifo.gl0.rd/gr1.gr1_int.rfwft/aempty_fwft_i, data_conv_model_i/fifo_0_i/U0/inst_fifo_gen/gaxis_fifo.gaxisf.axisf/grf.rf/gntv_or_sync_fifo.gl0.rd/gr1.gr1_int.rfwft/aempty_fwft_i, design_1_wrapper_i/design_1_i/axi_interconnect_2/s00_couplers/auto_pc/inst/gen_axi4_axi3.axi3_conv_inst/USE_WRITE.write_addr_inst/USE_B_CHANNEL.cmd_b_queue/inst/fifo_gen_inst/inst_fifo_gen/gconvfifo.rf/grf.rf/gntv_or_sync_fifo.gl0.rd/gr1.gr1_int.rfwft/aempty_fwft_i, design_1_wrapper_i/design_1_i/axi_vdma_imgCapture_Sobelx/U0/GEN_SPRT_FOR_S2MM.S2MM_LINEBUFFER_I/GEN_S2MM_FLUSH_SOF_LOGIC.GEN_LINEBUFFER_FLUSH_SOF.GEN_SYNC_FIFO_FLUSH_SOF.I_LINEBUFFER_FIFO/fg_inst/inst_fifo_gen/gconvfifo.rf/grf.rf/gntv_or_sync_fifo.gl0.rd/gr1.gr1_int.rfwft/aempty_fwft_i, design_1_wrapper_i/design_1_i/axi_vdma_memCopy/U0/GEN_SPRT_FOR_MM2S.MM2S_LINEBUFFER_I/GEN_LINEBUF_NO_SOF.GEN_LINEBUFFER.GEN_SYNC_FIFO.I_LINEBUFFER_FIFO/fg_inst/inst_fifo_gen/gconvfifo.rf/grf.rf/gntv_or_sync_fifo.gl0.rd/gr1.gr1_int.rfwft/aempty_fwft_i, design_1_wrapper_i/design_1_i/axi_interconnect_1/s00_couplers/auto_pc/inst/gen_axi4_axi3.axi3_conv_inst/USE_WRITE.write_addr_inst/USE_BURSTS.cmd_queue/inst/fifo_gen_inst/inst_fifo_gen/gconvfifo.rf/grf.rf/gntv_or_sync_fifo.gl0.rd/gr1.gr1_int.rfwft/aempty_fwft_i, design_1_wrapper_i/design_1_i/axi_mem_intercon/m00_couplers/auto_pc/inst/gen_axi4_axi3.axi3_conv_inst/USE_WRITE.write_addr_inst/USE_B_CHANNEL.cmd_b_queue/inst/fifo_gen_inst/inst_fifo_gen/gconvfifo.rf/grf.rf/gntv_or_sync_fifo.gl0.rd/gr1.gr1_int.rfwft/aempty_fwft_i, design_1_wrapper_i/design_1_i/axi_vdma_memCopy/U0/GEN_SPRT_FOR_S2MM.S2MM_LINEBUFFER_I/GEN_S2MM_FLUSH_SOF_LOGIC.GEN_LINEBUFFER_FLUSH_SOF.GEN_SYNC_FIFO_FLUSH_SOF.I_LINEBUFFER_FIFO/fg_inst/inst_fifo_gen/gconvfifo.rf/grf.rf/gntv_or_sync_fifo.gl0.rd/gr1.gr1_int.rfwft/aempty_fwft_i, design_1_wrapper_i/design_1_i/axi_vdma_videoStream/U0/GEN_SPRT_FOR_S2MM.S2MM_LINEBUFFER_I/GEN_S2MM_FLUSH_SOF_LOGIC.GEN_LINEBUFFER_FLUSH_SOF.GEN_SYNC_FIFO_FLUSH_SOF.I_LINEBUFFER_FIFO/fg_inst/inst_fifo_gen/gconvfifo.rf/grf.rf/gntv_or_sync_fifo.gl0.rd/gr1.gr1_int.rfwft/aempty_fwft_i, design_1_wrapper_i/design_1_i/axi_mem_intercon/m00_couplers/auto_pc/inst/gen_axi4_axi3.axi3_conv_inst/USE_WRITE.write_addr_inst/USE_BURSTS.cmd_queue/inst/fifo_gen_inst/inst_fifo_gen/gconvfifo.rf/grf.rf/gntv_or_sync_fifo.gl0.rd/gr1.gr1_int.rfwft/aempty_fwft_i... and (the first 15 of 146 listed).
INFO: [DRC REQP-165] writefirst: Synchronous clocking is detected for BRAM (isp_model_axis_i/histogram_axis_i/count_bram_i/U0/inst_blk_mem_gen/gnbram.gnativebmg.native_blk_mem_gen/valid.cstr/ramloop[0].ram.r/prim_noinit.ram/DEVICE_7SERIES.NO_BMM_INFO.SDP.WIDE_PRIM18.ram) in SDP mode with WRITE_FIRST write-mode. This is the preferred mode for best power characteristics, however it may exhibit address collisions if the same address appears on both read and write ports resulting in unknown or corrupted read data. It is suggested to confirm via simulation that an address collision never occurs and if so it is suggested to try and avoid this situation. If address collisions cannot be avoided, the write-mode may be set to READ_FIRST which guarantees that the read data is the prior contents of the memory at the cost of additional power in the design. See the FPGA Memory Resources User Guide for additional information.
INFO: [DRC REQP-181] writefirst: Synchronous clocking is detected for BRAM (design_1_wrapper_i/design_1_i/axi_vdma_imgCapture/U0/I_PRMRY_DATAMOVER/GEN_S2MM_FULL.I_S2MM_FULL_WRAPPER/GEN_ENABLE_INDET_BTT_SF.I_INDET_BTT/I_DATA_FIFO/BLK_MEM.I_SYNC_FIFOGEN_FIFO/xpm_fifo_instance.xpm_fifo_sync_inst/xpm_fifo_base_inst/gen_sdpram.xpm_memory_base_inst/gen_wr_a.gen_word_narrow.mem_reg) in SDP mode with WRITE_FIRST write-mode. This is the preferred mode for best power characteristics, however it may exhibit address collisions if the same address appears on both read and write ports resulting in unknown or corrupted read data. It is suggested to confirm via simulation that an address collision never occurs and if so it is suggested to try and avoid this situation. If address collisions cannot be avoided, the write-mode may be set to READ_FIRST which guarantees that the read data is the prior contents of the memory at the cost of additional power in the design. See the FPGA Memory Resources User Guide for additional information.
INFO: [DRC REQP-181] writefirst: Synchronous clocking is detected for BRAM (design_1_wrapper_i/design_1_i/axi_vdma_imgCapture_Sobelx/U0/I_PRMRY_DATAMOVER/GEN_S2MM_FULL.I_S2MM_FULL_WRAPPER/GEN_ENABLE_INDET_BTT_SF.I_INDET_BTT/I_DATA_FIFO/BLK_MEM.I_SYNC_FIFOGEN_FIFO/xpm_fifo_instance.xpm_fifo_sync_inst/xpm_fifo_base_inst/gen_sdpram.xpm_memory_base_inst/gen_wr_a.gen_word_narrow.mem_reg) in SDP mode with WRITE_FIRST write-mode. This is the preferred mode for best power characteristics, however it may exhibit address collisions if the same address appears on both read and write ports resulting in unknown or corrupted read data. It is suggested to confirm via simulation that an address collision never occurs and if so it is suggested to try and avoid this situation. If address collisions cannot be avoided, the write-mode may be set to READ_FIRST which guarantees that the read data is the prior contents of the memory at the cost of additional power in the design. See the FPGA Memory Resources User Guide for additional information.
INFO: [DRC REQP-181] writefirst: Synchronous clocking is detected for BRAM (design_1_wrapper_i/design_1_i/axi_vdma_imgCapture_Sobely/U0/I_PRMRY_DATAMOVER/GEN_S2MM_FULL.I_S2MM_FULL_WRAPPER/GEN_ENABLE_INDET_BTT_SF.I_INDET_BTT/I_DATA_FIFO/BLK_MEM.I_SYNC_FIFOGEN_FIFO/xpm_fifo_instance.xpm_fifo_sync_inst/xpm_fifo_base_inst/gen_sdpram.xpm_memory_base_inst/gen_wr_a.gen_word_narrow.mem_reg) in SDP mode with WRITE_FIRST write-mode. This is the preferred mode for best power characteristics, however it may exhibit address collisions if the same address appears on both read and write ports resulting in unknown or corrupted read data. It is suggested to confirm via simulation that an address collision never occurs and if so it is suggested to try and avoid this situation. If address collisions cannot be avoided, the write-mode may be set to READ_FIRST which guarantees that the read data is the prior contents of the memory at the cost of additional power in the design. See the FPGA Memory Resources User Guide for additional information.
INFO: [DRC REQP-181] writefirst: Synchronous clocking is detected for BRAM (design_1_wrapper_i/design_1_i/axi_vdma_memCopy/U0/I_PRMRY_DATAMOVER/GEN_MM2S_FULL.I_MM2S_FULL_WRAPPER/GEN_INCLUDE_MM2S_SF.I_RD_SF/I_DATA_FIFO/BLK_MEM.I_SYNC_FIFOGEN_FIFO/xpm_fifo_instance.xpm_fifo_sync_inst/xpm_fifo_base_inst/gen_sdpram.xpm_memory_base_inst/gen_wr_a.gen_word_narrow.mem_reg) in SDP mode with WRITE_FIRST write-mode. This is the preferred mode for best power characteristics, however it may exhibit address collisions if the same address appears on both read and write ports resulting in unknown or corrupted read data. It is suggested to confirm via simulation that an address collision never occurs and if so it is suggested to try and avoid this situation. If address collisions cannot be avoided, the write-mode may be set to READ_FIRST which guarantees that the read data is the prior contents of the memory at the cost of additional power in the design. See the FPGA Memory Resources User Guide for additional information.
INFO: [DRC REQP-181] writefirst: Synchronous clocking is detected for BRAM (design_1_wrapper_i/design_1_i/axi_vdma_memCopy/U0/I_PRMRY_DATAMOVER/GEN_S2MM_FULL.I_S2MM_FULL_WRAPPER/GEN_ENABLE_INDET_BTT_SF.I_INDET_BTT/I_DATA_FIFO/BLK_MEM.I_SYNC_FIFOGEN_FIFO/xpm_fifo_instance.xpm_fifo_sync_inst/xpm_fifo_base_inst/gen_sdpram.xpm_memory_base_inst/gen_wr_a.gen_word_narrow.mem_reg) in SDP mode with WRITE_FIRST write-mode. This is the preferred mode for best power characteristics, however it may exhibit address collisions if the same address appears on both read and write ports resulting in unknown or corrupted read data. It is suggested to confirm via simulation that an address collision never occurs and if so it is suggested to try and avoid this situation. If address collisions cannot be avoided, the write-mode may be set to READ_FIRST which guarantees that the read data is the prior contents of the memory at the cost of additional power in the design. See the FPGA Memory Resources User Guide for additional information.
INFO: [DRC REQP-181] writefirst: Synchronous clocking is detected for BRAM (design_1_wrapper_i/design_1_i/axi_vdma_videoStream/U0/I_PRMRY_DATAMOVER/GEN_S2MM_FULL.I_S2MM_FULL_WRAPPER/GEN_ENABLE_INDET_BTT_SF.I_INDET_BTT/I_DATA_FIFO/BLK_MEM.I_SYNC_FIFOGEN_FIFO/xpm_fifo_instance.xpm_fifo_sync_inst/xpm_fifo_base_inst/gen_sdpram.xpm_memory_base_inst/gen_wr_a.gen_word_narrow.mem_reg) in SDP mode with WRITE_FIRST write-mode. This is the preferred mode for best power characteristics, however it may exhibit address collisions if the same address appears on both read and write ports resulting in unknown or corrupted read data. It is suggested to confirm via simulation that an address collision never occurs and if so it is suggested to try and avoid this situation. If address collisions cannot be avoided, the write-mode may be set to READ_FIRST which guarantees that the read data is the prior contents of the memory at the cost of additional power in the design. See the FPGA Memory Resources User Guide for additional information.
INFO: [Vivado 12-3199] DRC finished with 0 Errors, 4 Warnings, 7 Advisories
INFO: [Vivado 12-3200] Please refer to the DRC report (report_drc) for more information.
INFO: [Designutils 20-2272] Running write_bitstream with 2 threads.
Loading data files...
Loading site data...
Loading route data...
Processing options...
Creating bitmap...
Creating bitstream...
Writing bitstream ./top.bit...
INFO: [Vivado 12-1842] Bitgen Completed Successfully.
INFO: [Project 1-120] WebTalk data collection is mandatory when using a WebPACK part without a full Vivado license. To see the specific WebTalk data collected for your design, open the usage_statistics_webtalk.html or usage_statistics_webtalk.xml file in the implementation directory.
INFO: [Common 17-83] Releasing license: Implementation
160 Infos, 13 Warnings, 1 Critical Warnings and 0 Errors encountered.
write_bitstream completed successfully
write_bitstream: Time (s): cpu = 00:00:51 ; elapsed = 00:00:44 . Memory (MB): peak = 2756.293 ; gain = 438.922
INFO: [Common 17-206] Exiting Vivado at Tue Mar  3 09:16:17 2020...
